TimeQuest Timing Analyzer report for toplevel
Fri Nov 20 11:02:15 2015
Quartus II 64-Bit Version 13.0.0 Build 156 04/24/2013 SJ Web Edition


---------------------
; Table of Contents ;
---------------------
  1. Legal Notice
  2. TimeQuest Timing Analyzer Summary
  3. Parallel Compilation
  4. Clocks
  5. Slow Model Fmax Summary
  6. Slow Model Setup Summary
  7. Slow Model Hold Summary
  8. Slow Model Recovery Summary
  9. Slow Model Removal Summary
 10. Slow Model Minimum Pulse Width Summary
 11. Slow Model Setup: 'freqdiv:i0|clkout_aux'
 12. Slow Model Setup: 'contador:i1|fim'
 13. Slow Model Setup: 'clk'
 14. Slow Model Setup: 'freqdiv:i0|contador:count0|fim'
 15. Slow Model Hold: 'freqdiv:i0|contador:count0|fim'
 16. Slow Model Hold: 'clk'
 17. Slow Model Hold: 'contador:i1|fim'
 18. Slow Model Hold: 'freqdiv:i0|clkout_aux'
 19. Slow Model Minimum Pulse Width: 'clk'
 20. Slow Model Minimum Pulse Width: 'freqdiv:i0|clkout_aux'
 21. Slow Model Minimum Pulse Width: 'contador:i1|fim'
 22. Slow Model Minimum Pulse Width: 'freqdiv:i0|contador:count0|fim'
 23. Clock to Output Times
 24. Minimum Clock to Output Times
 25. Fast Model Setup Summary
 26. Fast Model Hold Summary
 27. Fast Model Recovery Summary
 28. Fast Model Removal Summary
 29. Fast Model Minimum Pulse Width Summary
 30. Fast Model Setup: 'freqdiv:i0|clkout_aux'
 31. Fast Model Setup: 'contador:i1|fim'
 32. Fast Model Setup: 'clk'
 33. Fast Model Setup: 'freqdiv:i0|contador:count0|fim'
 34. Fast Model Hold: 'freqdiv:i0|contador:count0|fim'
 35. Fast Model Hold: 'clk'
 36. Fast Model Hold: 'contador:i1|fim'
 37. Fast Model Hold: 'freqdiv:i0|clkout_aux'
 38. Fast Model Minimum Pulse Width: 'clk'
 39. Fast Model Minimum Pulse Width: 'freqdiv:i0|clkout_aux'
 40. Fast Model Minimum Pulse Width: 'contador:i1|fim'
 41. Fast Model Minimum Pulse Width: 'freqdiv:i0|contador:count0|fim'
 42. Clock to Output Times
 43. Minimum Clock to Output Times
 44. Multicorner Timing Analysis Summary
 45. Clock to Output Times
 46. Minimum Clock to Output Times
 47. Setup Transfers
 48. Hold Transfers
 49. Report TCCS
 50. Report RSKM
 51. Unconstrained Paths
 52. TimeQuest Timing Analyzer Messages



----------------
; Legal Notice ;
----------------
Copyright (C) 1991-2013 Altera Corporation
Your use of Altera Corporation's design tools, logic functions 
and other software and tools, and its AMPP partner logic 
functions, and any output files from any of the foregoing 
(including device programming or simulation files), and any 
associated documentation or information are expressly subject 
to the terms and conditions of the Altera Program License 
Subscription Agreement, Altera MegaCore Function License 
Agreement, or other applicable license agreement, including, 
without limitation, that your use is for the sole purpose of 
programming logic devices manufactured by Altera and sold by 
Altera or its authorized distributors.  Please refer to the 
applicable agreement for further details.



+-------------------------------------------------------------------------+
; TimeQuest Timing Analyzer Summary                                       ;
+--------------------+----------------------------------------------------+
; Quartus II Version ; Version 13.0.0 Build 156 04/24/2013 SJ Web Edition ;
; Revision Name      ; toplevel                                           ;
; Device Family      ; Cyclone II                                         ;
; Device Name        ; EP2C35F672C6                                       ;
; Timing Models      ; Final                                              ;
; Delay Model        ; Combined                                           ;
; Rise/Fall Delays   ; Unavailable                                        ;
+--------------------+----------------------------------------------------+


Parallel compilation was disabled, but you have multiple processors available. Enable parallel compilation to reduce compilation time.
+-------------------------------------+
; Parallel Compilation                ;
+----------------------------+--------+
; Processors                 ; Number ;
+----------------------------+--------+
; Number detected on machine ; 4      ;
; Maximum allowed            ; 1      ;
+----------------------------+--------+


+--------------------------------------------------------------------------------------------------------------------------------------------------------------------------------------------------------------------------------+
; Clocks                                                                                                                                                                                                                         ;
+--------------------------------+------+--------+------------+-------+-------+------------+-----------+-------------+-------+--------+-----------+------------+----------+--------+--------+------------------------------------+
; Clock Name                     ; Type ; Period ; Frequency  ; Rise  ; Fall  ; Duty Cycle ; Divide by ; Multiply by ; Phase ; Offset ; Edge List ; Edge Shift ; Inverted ; Master ; Source ; Targets                            ;
+--------------------------------+------+--------+------------+-------+-------+------------+-----------+-------------+-------+--------+-----------+------------+----------+--------+--------+------------------------------------+
; clk                            ; Base ; 1.000  ; 1000.0 MHz ; 0.000 ; 0.500 ;            ;           ;             ;       ;        ;           ;            ;          ;        ;        ; { clk }                            ;
; contador:i1|fim                ; Base ; 1.000  ; 1000.0 MHz ; 0.000 ; 0.500 ;            ;           ;             ;       ;        ;           ;            ;          ;        ;        ; { contador:i1|fim }                ;
; freqdiv:i0|clkout_aux          ; Base ; 1.000  ; 1000.0 MHz ; 0.000 ; 0.500 ;            ;           ;             ;       ;        ;           ;            ;          ;        ;        ; { freqdiv:i0|clkout_aux }          ;
; freqdiv:i0|contador:count0|fim ; Base ; 1.000  ; 1000.0 MHz ; 0.000 ; 0.500 ;            ;           ;             ;       ;        ;           ;            ;          ;        ;        ; { freqdiv:i0|contador:count0|fim } ;
+--------------------------------+------+--------+------------+-------+-------+------------+-----------+-------------+-------+--------+-----------+------------+----------+--------+--------+------------------------------------+


+----------------------------------------------------------------------------------------------------------------------+
; Slow Model Fmax Summary                                                                                              ;
+------------+-----------------+-----------------------+---------------------------------------------------------------+
; Fmax       ; Restricted Fmax ; Clock Name            ; Note                                                          ;
+------------+-----------------+-----------------------+---------------------------------------------------------------+
; 781.25 MHz ; 500.0 MHz       ; freqdiv:i0|clkout_aux ; limit due to high minimum pulse width violation (tch)         ;
; 829.19 MHz ; 500.0 MHz       ; contador:i1|fim       ; limit due to high minimum pulse width violation (tch)         ;
; 932.84 MHz ; 420.17 MHz      ; clk                   ; limit due to minimum period restriction (max I/O toggle rate) ;
+------------+-----------------+-----------------------+---------------------------------------------------------------+
This panel reports FMAX for every clock in the design, regardless of the user-specified clock periods.  FMAX is only computed for paths where the source and destination registers or ports are driven by the same clock.  Paths of different clocks, including generated clocks, are ignored.  For paths between a clock and its inversion, FMAX is computed as if the rising and falling edges are scaled along with FMAX, such that the duty cycle (in terms of a percentage) is maintained. Altera recommends that you always use clock constraints and other slack reports for sign-off analysis.


+---------------------------------------------------------+
; Slow Model Setup Summary                                ;
+--------------------------------+--------+---------------+
; Clock                          ; Slack  ; End Point TNS ;
+--------------------------------+--------+---------------+
; freqdiv:i0|clkout_aux          ; -0.280 ; -0.809        ;
; contador:i1|fim                ; -0.206 ; -0.359        ;
; clk                            ; -0.072 ; -0.244        ;
; freqdiv:i0|contador:count0|fim ; 0.962  ; 0.000         ;
+--------------------------------+--------+---------------+


+---------------------------------------------------------+
; Slow Model Hold Summary                                 ;
+--------------------------------+--------+---------------+
; Clock                          ; Slack  ; End Point TNS ;
+--------------------------------+--------+---------------+
; freqdiv:i0|contador:count0|fim ; -0.692 ; -0.692        ;
; clk                            ; 0.391  ; 0.000         ;
; contador:i1|fim                ; 0.391  ; 0.000         ;
; freqdiv:i0|clkout_aux          ; 0.391  ; 0.000         ;
+--------------------------------+--------+---------------+


-------------------------------
; Slow Model Recovery Summary ;
-------------------------------
No paths to report.


------------------------------
; Slow Model Removal Summary ;
------------------------------
No paths to report.


+---------------------------------------------------------+
; Slow Model Minimum Pulse Width Summary                  ;
+--------------------------------+--------+---------------+
; Clock                          ; Slack  ; End Point TNS ;
+--------------------------------+--------+---------------+
; clk                            ; -1.380 ; -6.380        ;
; freqdiv:i0|clkout_aux          ; -0.500 ; -5.000        ;
; contador:i1|fim                ; -0.500 ; -4.000        ;
; freqdiv:i0|contador:count0|fim ; -0.500 ; -1.000        ;
+--------------------------------+--------+---------------+


+---------------------------------------------------------------------------------------------------------------------------------------------+
; Slow Model Setup: 'freqdiv:i0|clkout_aux'                                                                                                   ;
+--------+---------------------+---------------------+-----------------------+-----------------------+--------------+------------+------------+
; Slack  ; From Node           ; To Node             ; Launch Clock          ; Latch Clock           ; Relationship ; Clock Skew ; Data Delay ;
+--------+---------------------+---------------------+-----------------------+-----------------------+--------------+------------+------------+
; -0.280 ; contador:i1|temp[0] ; contador:i1|temp[3] ; freqdiv:i0|clkout_aux ; freqdiv:i0|clkout_aux ; 1.000        ; 0.000      ; 1.316      ;
; -0.255 ; contador:i1|temp[1] ; contador:i1|temp[0] ; freqdiv:i0|clkout_aux ; freqdiv:i0|clkout_aux ; 1.000        ; 0.000      ; 1.291      ;
; -0.227 ; contador:i1|temp[1] ; contador:i1|fim     ; freqdiv:i0|clkout_aux ; freqdiv:i0|clkout_aux ; 1.000        ; 0.000      ; 1.263      ;
; -0.047 ; contador:i1|temp[1] ; contador:i1|temp[2] ; freqdiv:i0|clkout_aux ; freqdiv:i0|clkout_aux ; 1.000        ; 0.000      ; 1.083      ;
; -0.047 ; contador:i1|temp[1] ; contador:i1|temp[3] ; freqdiv:i0|clkout_aux ; freqdiv:i0|clkout_aux ; 1.000        ; 0.000      ; 1.083      ;
; -0.038 ; contador:i1|temp[3] ; contador:i1|temp[0] ; freqdiv:i0|clkout_aux ; freqdiv:i0|clkout_aux ; 1.000        ; 0.000      ; 1.074      ;
; -0.023 ; contador:i1|temp[0] ; contador:i1|fim     ; freqdiv:i0|clkout_aux ; freqdiv:i0|clkout_aux ; 1.000        ; 0.000      ; 1.059      ;
; 0.104  ; contador:i1|temp[3] ; contador:i1|fim     ; freqdiv:i0|clkout_aux ; freqdiv:i0|clkout_aux ; 1.000        ; 0.000      ; 0.932      ;
; 0.224  ; contador:i1|temp[0] ; contador:i1|temp[1] ; freqdiv:i0|clkout_aux ; freqdiv:i0|clkout_aux ; 1.000        ; 0.000      ; 0.812      ;
; 0.224  ; contador:i1|temp[0] ; contador:i1|temp[2] ; freqdiv:i0|clkout_aux ; freqdiv:i0|clkout_aux ; 1.000        ; 0.000      ; 0.812      ;
; 0.231  ; contador:i1|temp[2] ; contador:i1|temp[3] ; freqdiv:i0|clkout_aux ; freqdiv:i0|clkout_aux ; 1.000        ; 0.000      ; 0.805      ;
; 0.233  ; contador:i1|temp[2] ; contador:i1|temp[0] ; freqdiv:i0|clkout_aux ; freqdiv:i0|clkout_aux ; 1.000        ; 0.000      ; 0.803      ;
; 0.233  ; contador:i1|temp[2] ; contador:i1|fim     ; freqdiv:i0|clkout_aux ; freqdiv:i0|clkout_aux ; 1.000        ; 0.000      ; 0.803      ;
; 0.379  ; contador:i1|temp[3] ; contador:i1|temp[3] ; freqdiv:i0|clkout_aux ; freqdiv:i0|clkout_aux ; 1.000        ; 0.000      ; 0.657      ;
; 0.379  ; contador:i1|temp[0] ; contador:i1|temp[0] ; freqdiv:i0|clkout_aux ; freqdiv:i0|clkout_aux ; 1.000        ; 0.000      ; 0.657      ;
; 0.379  ; contador:i1|temp[2] ; contador:i1|temp[2] ; freqdiv:i0|clkout_aux ; freqdiv:i0|clkout_aux ; 1.000        ; 0.000      ; 0.657      ;
; 0.379  ; contador:i1|temp[1] ; contador:i1|temp[1] ; freqdiv:i0|clkout_aux ; freqdiv:i0|clkout_aux ; 1.000        ; 0.000      ; 0.657      ;
+--------+---------------------+---------------------+-----------------------+-----------------------+--------------+------------+------------+


+---------------------------------------------------------------------------------------------------------------------------------+
; Slow Model Setup: 'contador:i1|fim'                                                                                             ;
+--------+---------------------+---------------------+-----------------+-----------------+--------------+------------+------------+
; Slack  ; From Node           ; To Node             ; Launch Clock    ; Latch Clock     ; Relationship ; Clock Skew ; Data Delay ;
+--------+---------------------+---------------------+-----------------+-----------------+--------------+------------+------------+
; -0.206 ; contador:i2|temp[1] ; contador:i2|temp[0] ; contador:i1|fim ; contador:i1|fim ; 1.000        ; 0.000      ; 1.242      ;
; -0.077 ; contador:i2|temp[0] ; contador:i2|temp[3] ; contador:i1|fim ; contador:i1|fim ; 1.000        ; 0.000      ; 1.113      ;
; -0.076 ; contador:i2|temp[0] ; contador:i2|temp[2] ; contador:i1|fim ; contador:i1|fim ; 1.000        ; 0.000      ; 1.112      ;
; -0.044 ; contador:i2|temp[1] ; contador:i2|temp[3] ; contador:i1|fim ; contador:i1|fim ; 1.000        ; 0.000      ; 1.080      ;
; -0.043 ; contador:i2|temp[1] ; contador:i2|temp[2] ; contador:i1|fim ; contador:i1|fim ; 1.000        ; 0.000      ; 1.079      ;
; -0.030 ; contador:i2|temp[3] ; contador:i2|temp[0] ; contador:i1|fim ; contador:i1|fim ; 1.000        ; 0.000      ; 1.066      ;
; 0.231  ; contador:i2|temp[2] ; contador:i2|temp[0] ; contador:i1|fim ; contador:i1|fim ; 1.000        ; 0.000      ; 0.805      ;
; 0.231  ; contador:i2|temp[2] ; contador:i2|temp[3] ; contador:i1|fim ; contador:i1|fim ; 1.000        ; 0.000      ; 0.805      ;
; 0.232  ; contador:i2|temp[0] ; contador:i2|temp[1] ; contador:i1|fim ; contador:i1|fim ; 1.000        ; 0.000      ; 0.804      ;
; 0.379  ; contador:i2|temp[0] ; contador:i2|temp[0] ; contador:i1|fim ; contador:i1|fim ; 1.000        ; 0.000      ; 0.657      ;
; 0.379  ; contador:i2|temp[3] ; contador:i2|temp[3] ; contador:i1|fim ; contador:i1|fim ; 1.000        ; 0.000      ; 0.657      ;
; 0.379  ; contador:i2|temp[2] ; contador:i2|temp[2] ; contador:i1|fim ; contador:i1|fim ; 1.000        ; 0.000      ; 0.657      ;
; 0.379  ; contador:i2|temp[1] ; contador:i2|temp[1] ; contador:i1|fim ; contador:i1|fim ; 1.000        ; 0.000      ; 0.657      ;
+--------+---------------------+---------------------+-----------------+-----------------+--------------+------------+------------+


+--------------------------------------------------------------------------------------------------------------------------------------------------------+
; Slow Model Setup: 'clk'                                                                                                                                ;
+--------+------------------------------------+------------------------------------+--------------+-------------+--------------+------------+------------+
; Slack  ; From Node                          ; To Node                            ; Launch Clock ; Latch Clock ; Relationship ; Clock Skew ; Data Delay ;
+--------+------------------------------------+------------------------------------+--------------+-------------+--------------+------------+------------+
; -0.072 ; freqdiv:i0|contador:count0|temp[2] ; freqdiv:i0|contador:count0|temp[3] ; clk          ; clk         ; 1.000        ; 0.000      ; 1.108      ;
; -0.072 ; freqdiv:i0|contador:count0|temp[2] ; freqdiv:i0|contador:count0|temp[1] ; clk          ; clk         ; 1.000        ; 0.000      ; 1.108      ;
; -0.059 ; freqdiv:i0|contador:count0|temp[3] ; freqdiv:i0|contador:count0|fim     ; clk          ; clk         ; 1.000        ; 0.000      ; 1.095      ;
; -0.044 ; freqdiv:i0|contador:count0|temp[0] ; freqdiv:i0|contador:count0|temp[1] ; clk          ; clk         ; 1.000        ; 0.000      ; 1.080      ;
; -0.041 ; freqdiv:i0|contador:count0|temp[1] ; freqdiv:i0|contador:count0|temp[2] ; clk          ; clk         ; 1.000        ; 0.000      ; 1.077      ;
; -0.040 ; freqdiv:i0|contador:count0|temp[1] ; freqdiv:i0|contador:count0|fim     ; clk          ; clk         ; 1.000        ; 0.000      ; 1.076      ;
; -0.039 ; freqdiv:i0|contador:count0|temp[1] ; freqdiv:i0|contador:count0|temp[3] ; clk          ; clk         ; 1.000        ; 0.000      ; 1.075      ;
; 0.103  ; freqdiv:i0|contador:count0|temp[2] ; freqdiv:i0|contador:count0|fim     ; clk          ; clk         ; 1.000        ; 0.000      ; 0.933      ;
; 0.230  ; freqdiv:i0|contador:count0|temp[0] ; freqdiv:i0|contador:count0|temp[3] ; clk          ; clk         ; 1.000        ; 0.000      ; 0.806      ;
; 0.230  ; freqdiv:i0|contador:count0|temp[0] ; freqdiv:i0|contador:count0|fim     ; clk          ; clk         ; 1.000        ; 0.000      ; 0.806      ;
; 0.235  ; freqdiv:i0|contador:count0|temp[0] ; freqdiv:i0|contador:count0|temp[2] ; clk          ; clk         ; 1.000        ; 0.000      ; 0.801      ;
; 0.247  ; freqdiv:i0|contador:count0|temp[3] ; freqdiv:i0|contador:count0|temp[1] ; clk          ; clk         ; 1.000        ; 0.000      ; 0.789      ;
; 0.379  ; freqdiv:i0|contador:count0|temp[0] ; freqdiv:i0|contador:count0|temp[0] ; clk          ; clk         ; 1.000        ; 0.000      ; 0.657      ;
; 0.379  ; freqdiv:i0|contador:count0|temp[3] ; freqdiv:i0|contador:count0|temp[3] ; clk          ; clk         ; 1.000        ; 0.000      ; 0.657      ;
; 0.379  ; freqdiv:i0|contador:count0|temp[1] ; freqdiv:i0|contador:count0|temp[1] ; clk          ; clk         ; 1.000        ; 0.000      ; 0.657      ;
; 0.379  ; freqdiv:i0|contador:count0|temp[2] ; freqdiv:i0|contador:count0|temp[2] ; clk          ; clk         ; 1.000        ; 0.000      ; 0.657      ;
+--------+------------------------------------+------------------------------------+--------------+-------------+--------------+------------+------------+


+---------------------------------------------------------------------------------------------------------------------------------------------------------+
; Slow Model Setup: 'freqdiv:i0|contador:count0|fim'                                                                                                      ;
+-------+-----------------------+-----------------------+-----------------------+--------------------------------+--------------+------------+------------+
; Slack ; From Node             ; To Node               ; Launch Clock          ; Latch Clock                    ; Relationship ; Clock Skew ; Data Delay ;
+-------+-----------------------+-----------------------+-----------------------+--------------------------------+--------------+------------+------------+
; 0.962 ; freqdiv:i0|clkout_aux ; freqdiv:i0|clkout_aux ; freqdiv:i0|clkout_aux ; freqdiv:i0|contador:count0|fim ; 0.500        ; 0.833      ; 0.657      ;
; 1.462 ; freqdiv:i0|clkout_aux ; freqdiv:i0|clkout_aux ; freqdiv:i0|clkout_aux ; freqdiv:i0|contador:count0|fim ; 1.000        ; 0.833      ; 0.657      ;
+-------+-----------------------+-----------------------+-----------------------+--------------------------------+--------------+------------+------------+


+----------------------------------------------------------------------------------------------------------------------------------------------------------+
; Slow Model Hold: 'freqdiv:i0|contador:count0|fim'                                                                                                        ;
+--------+-----------------------+-----------------------+-----------------------+--------------------------------+--------------+------------+------------+
; Slack  ; From Node             ; To Node               ; Launch Clock          ; Latch Clock                    ; Relationship ; Clock Skew ; Data Delay ;
+--------+-----------------------+-----------------------+-----------------------+--------------------------------+--------------+------------+------------+
; -0.692 ; freqdiv:i0|clkout_aux ; freqdiv:i0|clkout_aux ; freqdiv:i0|clkout_aux ; freqdiv:i0|contador:count0|fim ; 0.000        ; 0.833      ; 0.657      ;
; -0.192 ; freqdiv:i0|clkout_aux ; freqdiv:i0|clkout_aux ; freqdiv:i0|clkout_aux ; freqdiv:i0|contador:count0|fim ; -0.500       ; 0.833      ; 0.657      ;
+--------+-----------------------+-----------------------+-----------------------+--------------------------------+--------------+------------+------------+


+-------------------------------------------------------------------------------------------------------------------------------------------------------+
; Slow Model Hold: 'clk'                                                                                                                                ;
+-------+------------------------------------+------------------------------------+--------------+-------------+--------------+------------+------------+
; Slack ; From Node                          ; To Node                            ; Launch Clock ; Latch Clock ; Relationship ; Clock Skew ; Data Delay ;
+-------+------------------------------------+------------------------------------+--------------+-------------+--------------+------------+------------+
; 0.391 ; freqdiv:i0|contador:count0|temp[0] ; freqdiv:i0|contador:count0|temp[0] ; clk          ; clk         ; 0.000        ; 0.000      ; 0.657      ;
; 0.391 ; freqdiv:i0|contador:count0|temp[3] ; freqdiv:i0|contador:count0|temp[3] ; clk          ; clk         ; 0.000        ; 0.000      ; 0.657      ;
; 0.391 ; freqdiv:i0|contador:count0|temp[1] ; freqdiv:i0|contador:count0|temp[1] ; clk          ; clk         ; 0.000        ; 0.000      ; 0.657      ;
; 0.391 ; freqdiv:i0|contador:count0|temp[2] ; freqdiv:i0|contador:count0|temp[2] ; clk          ; clk         ; 0.000        ; 0.000      ; 0.657      ;
; 0.523 ; freqdiv:i0|contador:count0|temp[3] ; freqdiv:i0|contador:count0|temp[1] ; clk          ; clk         ; 0.000        ; 0.000      ; 0.789      ;
; 0.535 ; freqdiv:i0|contador:count0|temp[0] ; freqdiv:i0|contador:count0|temp[2] ; clk          ; clk         ; 0.000        ; 0.000      ; 0.801      ;
; 0.540 ; freqdiv:i0|contador:count0|temp[0] ; freqdiv:i0|contador:count0|fim     ; clk          ; clk         ; 0.000        ; 0.000      ; 0.806      ;
; 0.540 ; freqdiv:i0|contador:count0|temp[0] ; freqdiv:i0|contador:count0|temp[3] ; clk          ; clk         ; 0.000        ; 0.000      ; 0.806      ;
; 0.667 ; freqdiv:i0|contador:count0|temp[2] ; freqdiv:i0|contador:count0|fim     ; clk          ; clk         ; 0.000        ; 0.000      ; 0.933      ;
; 0.809 ; freqdiv:i0|contador:count0|temp[1] ; freqdiv:i0|contador:count0|temp[3] ; clk          ; clk         ; 0.000        ; 0.000      ; 1.075      ;
; 0.810 ; freqdiv:i0|contador:count0|temp[1] ; freqdiv:i0|contador:count0|fim     ; clk          ; clk         ; 0.000        ; 0.000      ; 1.076      ;
; 0.811 ; freqdiv:i0|contador:count0|temp[1] ; freqdiv:i0|contador:count0|temp[2] ; clk          ; clk         ; 0.000        ; 0.000      ; 1.077      ;
; 0.814 ; freqdiv:i0|contador:count0|temp[0] ; freqdiv:i0|contador:count0|temp[1] ; clk          ; clk         ; 0.000        ; 0.000      ; 1.080      ;
; 0.829 ; freqdiv:i0|contador:count0|temp[3] ; freqdiv:i0|contador:count0|fim     ; clk          ; clk         ; 0.000        ; 0.000      ; 1.095      ;
; 0.842 ; freqdiv:i0|contador:count0|temp[2] ; freqdiv:i0|contador:count0|temp[3] ; clk          ; clk         ; 0.000        ; 0.000      ; 1.108      ;
; 0.842 ; freqdiv:i0|contador:count0|temp[2] ; freqdiv:i0|contador:count0|temp[1] ; clk          ; clk         ; 0.000        ; 0.000      ; 1.108      ;
+-------+------------------------------------+------------------------------------+--------------+-------------+--------------+------------+------------+


+--------------------------------------------------------------------------------------------------------------------------------+
; Slow Model Hold: 'contador:i1|fim'                                                                                             ;
+-------+---------------------+---------------------+-----------------+-----------------+--------------+------------+------------+
; Slack ; From Node           ; To Node             ; Launch Clock    ; Latch Clock     ; Relationship ; Clock Skew ; Data Delay ;
+-------+---------------------+---------------------+-----------------+-----------------+--------------+------------+------------+
; 0.391 ; contador:i2|temp[1] ; contador:i2|temp[1] ; contador:i1|fim ; contador:i1|fim ; 0.000        ; 0.000      ; 0.657      ;
; 0.391 ; contador:i2|temp[2] ; contador:i2|temp[2] ; contador:i1|fim ; contador:i1|fim ; 0.000        ; 0.000      ; 0.657      ;
; 0.391 ; contador:i2|temp[3] ; contador:i2|temp[3] ; contador:i1|fim ; contador:i1|fim ; 0.000        ; 0.000      ; 0.657      ;
; 0.391 ; contador:i2|temp[0] ; contador:i2|temp[0] ; contador:i1|fim ; contador:i1|fim ; 0.000        ; 0.000      ; 0.657      ;
; 0.538 ; contador:i2|temp[0] ; contador:i2|temp[1] ; contador:i1|fim ; contador:i1|fim ; 0.000        ; 0.000      ; 0.804      ;
; 0.539 ; contador:i2|temp[2] ; contador:i2|temp[3] ; contador:i1|fim ; contador:i1|fim ; 0.000        ; 0.000      ; 0.805      ;
; 0.539 ; contador:i2|temp[2] ; contador:i2|temp[0] ; contador:i1|fim ; contador:i1|fim ; 0.000        ; 0.000      ; 0.805      ;
; 0.800 ; contador:i2|temp[3] ; contador:i2|temp[0] ; contador:i1|fim ; contador:i1|fim ; 0.000        ; 0.000      ; 1.066      ;
; 0.813 ; contador:i2|temp[1] ; contador:i2|temp[2] ; contador:i1|fim ; contador:i1|fim ; 0.000        ; 0.000      ; 1.079      ;
; 0.814 ; contador:i2|temp[1] ; contador:i2|temp[3] ; contador:i1|fim ; contador:i1|fim ; 0.000        ; 0.000      ; 1.080      ;
; 0.846 ; contador:i2|temp[0] ; contador:i2|temp[2] ; contador:i1|fim ; contador:i1|fim ; 0.000        ; 0.000      ; 1.112      ;
; 0.847 ; contador:i2|temp[0] ; contador:i2|temp[3] ; contador:i1|fim ; contador:i1|fim ; 0.000        ; 0.000      ; 1.113      ;
; 0.976 ; contador:i2|temp[1] ; contador:i2|temp[0] ; contador:i1|fim ; contador:i1|fim ; 0.000        ; 0.000      ; 1.242      ;
+-------+---------------------+---------------------+-----------------+-----------------+--------------+------------+------------+


+--------------------------------------------------------------------------------------------------------------------------------------------+
; Slow Model Hold: 'freqdiv:i0|clkout_aux'                                                                                                   ;
+-------+---------------------+---------------------+-----------------------+-----------------------+--------------+------------+------------+
; Slack ; From Node           ; To Node             ; Launch Clock          ; Latch Clock           ; Relationship ; Clock Skew ; Data Delay ;
+-------+---------------------+---------------------+-----------------------+-----------------------+--------------+------------+------------+
; 0.391 ; contador:i1|temp[1] ; contador:i1|temp[1] ; freqdiv:i0|clkout_aux ; freqdiv:i0|clkout_aux ; 0.000        ; 0.000      ; 0.657      ;
; 0.391 ; contador:i1|temp[2] ; contador:i1|temp[2] ; freqdiv:i0|clkout_aux ; freqdiv:i0|clkout_aux ; 0.000        ; 0.000      ; 0.657      ;
; 0.391 ; contador:i1|temp[3] ; contador:i1|temp[3] ; freqdiv:i0|clkout_aux ; freqdiv:i0|clkout_aux ; 0.000        ; 0.000      ; 0.657      ;
; 0.391 ; contador:i1|temp[0] ; contador:i1|temp[0] ; freqdiv:i0|clkout_aux ; freqdiv:i0|clkout_aux ; 0.000        ; 0.000      ; 0.657      ;
; 0.537 ; contador:i1|temp[2] ; contador:i1|fim     ; freqdiv:i0|clkout_aux ; freqdiv:i0|clkout_aux ; 0.000        ; 0.000      ; 0.803      ;
; 0.537 ; contador:i1|temp[2] ; contador:i1|temp[0] ; freqdiv:i0|clkout_aux ; freqdiv:i0|clkout_aux ; 0.000        ; 0.000      ; 0.803      ;
; 0.539 ; contador:i1|temp[2] ; contador:i1|temp[3] ; freqdiv:i0|clkout_aux ; freqdiv:i0|clkout_aux ; 0.000        ; 0.000      ; 0.805      ;
; 0.546 ; contador:i1|temp[0] ; contador:i1|temp[1] ; freqdiv:i0|clkout_aux ; freqdiv:i0|clkout_aux ; 0.000        ; 0.000      ; 0.812      ;
; 0.546 ; contador:i1|temp[0] ; contador:i1|temp[2] ; freqdiv:i0|clkout_aux ; freqdiv:i0|clkout_aux ; 0.000        ; 0.000      ; 0.812      ;
; 0.666 ; contador:i1|temp[3] ; contador:i1|fim     ; freqdiv:i0|clkout_aux ; freqdiv:i0|clkout_aux ; 0.000        ; 0.000      ; 0.932      ;
; 0.793 ; contador:i1|temp[0] ; contador:i1|fim     ; freqdiv:i0|clkout_aux ; freqdiv:i0|clkout_aux ; 0.000        ; 0.000      ; 1.059      ;
; 0.808 ; contador:i1|temp[3] ; contador:i1|temp[0] ; freqdiv:i0|clkout_aux ; freqdiv:i0|clkout_aux ; 0.000        ; 0.000      ; 1.074      ;
; 0.817 ; contador:i1|temp[1] ; contador:i1|temp[2] ; freqdiv:i0|clkout_aux ; freqdiv:i0|clkout_aux ; 0.000        ; 0.000      ; 1.083      ;
; 0.817 ; contador:i1|temp[1] ; contador:i1|temp[3] ; freqdiv:i0|clkout_aux ; freqdiv:i0|clkout_aux ; 0.000        ; 0.000      ; 1.083      ;
; 0.997 ; contador:i1|temp[1] ; contador:i1|fim     ; freqdiv:i0|clkout_aux ; freqdiv:i0|clkout_aux ; 0.000        ; 0.000      ; 1.263      ;
; 1.025 ; contador:i1|temp[1] ; contador:i1|temp[0] ; freqdiv:i0|clkout_aux ; freqdiv:i0|clkout_aux ; 0.000        ; 0.000      ; 1.291      ;
; 1.050 ; contador:i1|temp[0] ; contador:i1|temp[3] ; freqdiv:i0|clkout_aux ; freqdiv:i0|clkout_aux ; 0.000        ; 0.000      ; 1.316      ;
+-------+---------------------+---------------------+-----------------------+-----------------------+--------------+------------+------------+


+---------------------------------------------------------------------------------------------------------------------+
; Slow Model Minimum Pulse Width: 'clk'                                                                               ;
+--------+--------------+----------------+------------------+-------+------------+------------------------------------+
; Slack  ; Actual Width ; Required Width ; Type             ; Clock ; Clock Edge ; Target                             ;
+--------+--------------+----------------+------------------+-------+------------+------------------------------------+
; -1.380 ; 1.000        ; 2.380          ; Port Rate        ; clk   ; Rise       ; clk                                ;
; -0.500 ; 0.500        ; 1.000          ; High Pulse Width ; clk   ; Rise       ; freqdiv:i0|contador:count0|fim     ;
; -0.500 ; 0.500        ; 1.000          ; Low Pulse Width  ; clk   ; Rise       ; freqdiv:i0|contador:count0|fim     ;
; -0.500 ; 0.500        ; 1.000          ; High Pulse Width ; clk   ; Rise       ; freqdiv:i0|contador:count0|temp[0] ;
; -0.500 ; 0.500        ; 1.000          ; Low Pulse Width  ; clk   ; Rise       ; freqdiv:i0|contador:count0|temp[0] ;
; -0.500 ; 0.500        ; 1.000          ; High Pulse Width ; clk   ; Rise       ; freqdiv:i0|contador:count0|temp[1] ;
; -0.500 ; 0.500        ; 1.000          ; Low Pulse Width  ; clk   ; Rise       ; freqdiv:i0|contador:count0|temp[1] ;
; -0.500 ; 0.500        ; 1.000          ; High Pulse Width ; clk   ; Rise       ; freqdiv:i0|contador:count0|temp[2] ;
; -0.500 ; 0.500        ; 1.000          ; Low Pulse Width  ; clk   ; Rise       ; freqdiv:i0|contador:count0|temp[2] ;
; -0.500 ; 0.500        ; 1.000          ; High Pulse Width ; clk   ; Rise       ; freqdiv:i0|contador:count0|temp[3] ;
; -0.500 ; 0.500        ; 1.000          ; Low Pulse Width  ; clk   ; Rise       ; freqdiv:i0|contador:count0|temp[3] ;
; 0.500  ; 0.500        ; 0.000          ; High Pulse Width ; clk   ; Rise       ; clk|combout                        ;
; 0.500  ; 0.500        ; 0.000          ; Low Pulse Width  ; clk   ; Rise       ; clk|combout                        ;
; 0.500  ; 0.500        ; 0.000          ; High Pulse Width ; clk   ; Rise       ; clk~clkctrl|inclk[0]               ;
; 0.500  ; 0.500        ; 0.000          ; Low Pulse Width  ; clk   ; Rise       ; clk~clkctrl|inclk[0]               ;
; 0.500  ; 0.500        ; 0.000          ; High Pulse Width ; clk   ; Rise       ; clk~clkctrl|outclk                 ;
; 0.500  ; 0.500        ; 0.000          ; Low Pulse Width  ; clk   ; Rise       ; clk~clkctrl|outclk                 ;
; 0.500  ; 0.500        ; 0.000          ; High Pulse Width ; clk   ; Rise       ; i0|count0|fim|clk                  ;
; 0.500  ; 0.500        ; 0.000          ; Low Pulse Width  ; clk   ; Rise       ; i0|count0|fim|clk                  ;
; 0.500  ; 0.500        ; 0.000          ; High Pulse Width ; clk   ; Rise       ; i0|count0|temp[0]|clk              ;
; 0.500  ; 0.500        ; 0.000          ; Low Pulse Width  ; clk   ; Rise       ; i0|count0|temp[0]|clk              ;
; 0.500  ; 0.500        ; 0.000          ; High Pulse Width ; clk   ; Rise       ; i0|count0|temp[1]|clk              ;
; 0.500  ; 0.500        ; 0.000          ; Low Pulse Width  ; clk   ; Rise       ; i0|count0|temp[1]|clk              ;
; 0.500  ; 0.500        ; 0.000          ; High Pulse Width ; clk   ; Rise       ; i0|count0|temp[2]|clk              ;
; 0.500  ; 0.500        ; 0.000          ; Low Pulse Width  ; clk   ; Rise       ; i0|count0|temp[2]|clk              ;
; 0.500  ; 0.500        ; 0.000          ; High Pulse Width ; clk   ; Rise       ; i0|count0|temp[3]|clk              ;
; 0.500  ; 0.500        ; 0.000          ; Low Pulse Width  ; clk   ; Rise       ; i0|count0|temp[3]|clk              ;
+--------+--------------+----------------+------------------+-------+------------+------------------------------------+


+---------------------------------------------------------------------------------------------------------------------------------+
; Slow Model Minimum Pulse Width: 'freqdiv:i0|clkout_aux'                                                                         ;
+--------+--------------+----------------+------------------+-----------------------+------------+--------------------------------+
; Slack  ; Actual Width ; Required Width ; Type             ; Clock                 ; Clock Edge ; Target                         ;
+--------+--------------+----------------+------------------+-----------------------+------------+--------------------------------+
; -0.500 ; 0.500        ; 1.000          ; High Pulse Width ; freqdiv:i0|clkout_aux ; Rise       ; contador:i1|fim                ;
; -0.500 ; 0.500        ; 1.000          ; Low Pulse Width  ; freqdiv:i0|clkout_aux ; Rise       ; contador:i1|fim                ;
; -0.500 ; 0.500        ; 1.000          ; High Pulse Width ; freqdiv:i0|clkout_aux ; Rise       ; contador:i1|temp[0]            ;
; -0.500 ; 0.500        ; 1.000          ; Low Pulse Width  ; freqdiv:i0|clkout_aux ; Rise       ; contador:i1|temp[0]            ;
; -0.500 ; 0.500        ; 1.000          ; High Pulse Width ; freqdiv:i0|clkout_aux ; Rise       ; contador:i1|temp[1]            ;
; -0.500 ; 0.500        ; 1.000          ; Low Pulse Width  ; freqdiv:i0|clkout_aux ; Rise       ; contador:i1|temp[1]            ;
; -0.500 ; 0.500        ; 1.000          ; High Pulse Width ; freqdiv:i0|clkout_aux ; Rise       ; contador:i1|temp[2]            ;
; -0.500 ; 0.500        ; 1.000          ; Low Pulse Width  ; freqdiv:i0|clkout_aux ; Rise       ; contador:i1|temp[2]            ;
; -0.500 ; 0.500        ; 1.000          ; High Pulse Width ; freqdiv:i0|clkout_aux ; Rise       ; contador:i1|temp[3]            ;
; -0.500 ; 0.500        ; 1.000          ; Low Pulse Width  ; freqdiv:i0|clkout_aux ; Rise       ; contador:i1|temp[3]            ;
; 0.500  ; 0.500        ; 0.000          ; High Pulse Width ; freqdiv:i0|clkout_aux ; Rise       ; i0|clkout_aux|regout           ;
; 0.500  ; 0.500        ; 0.000          ; Low Pulse Width  ; freqdiv:i0|clkout_aux ; Rise       ; i0|clkout_aux|regout           ;
; 0.500  ; 0.500        ; 0.000          ; High Pulse Width ; freqdiv:i0|clkout_aux ; Rise       ; i0|clkout_aux~clkctrl|inclk[0] ;
; 0.500  ; 0.500        ; 0.000          ; Low Pulse Width  ; freqdiv:i0|clkout_aux ; Rise       ; i0|clkout_aux~clkctrl|inclk[0] ;
; 0.500  ; 0.500        ; 0.000          ; High Pulse Width ; freqdiv:i0|clkout_aux ; Rise       ; i0|clkout_aux~clkctrl|outclk   ;
; 0.500  ; 0.500        ; 0.000          ; Low Pulse Width  ; freqdiv:i0|clkout_aux ; Rise       ; i0|clkout_aux~clkctrl|outclk   ;
; 0.500  ; 0.500        ; 0.000          ; High Pulse Width ; freqdiv:i0|clkout_aux ; Rise       ; i1|fim|clk                     ;
; 0.500  ; 0.500        ; 0.000          ; Low Pulse Width  ; freqdiv:i0|clkout_aux ; Rise       ; i1|fim|clk                     ;
; 0.500  ; 0.500        ; 0.000          ; High Pulse Width ; freqdiv:i0|clkout_aux ; Rise       ; i1|temp[0]|clk                 ;
; 0.500  ; 0.500        ; 0.000          ; Low Pulse Width  ; freqdiv:i0|clkout_aux ; Rise       ; i1|temp[0]|clk                 ;
; 0.500  ; 0.500        ; 0.000          ; High Pulse Width ; freqdiv:i0|clkout_aux ; Rise       ; i1|temp[1]|clk                 ;
; 0.500  ; 0.500        ; 0.000          ; Low Pulse Width  ; freqdiv:i0|clkout_aux ; Rise       ; i1|temp[1]|clk                 ;
; 0.500  ; 0.500        ; 0.000          ; High Pulse Width ; freqdiv:i0|clkout_aux ; Rise       ; i1|temp[2]|clk                 ;
; 0.500  ; 0.500        ; 0.000          ; Low Pulse Width  ; freqdiv:i0|clkout_aux ; Rise       ; i1|temp[2]|clk                 ;
; 0.500  ; 0.500        ; 0.000          ; High Pulse Width ; freqdiv:i0|clkout_aux ; Rise       ; i1|temp[3]|clk                 ;
; 0.500  ; 0.500        ; 0.000          ; Low Pulse Width  ; freqdiv:i0|clkout_aux ; Rise       ; i1|temp[3]|clk                 ;
+--------+--------------+----------------+------------------+-----------------------+------------+--------------------------------+


+--------------------------------------------------------------------------------------------------------------------+
; Slow Model Minimum Pulse Width: 'contador:i1|fim'                                                                  ;
+--------+--------------+----------------+------------------+-----------------+------------+-------------------------+
; Slack  ; Actual Width ; Required Width ; Type             ; Clock           ; Clock Edge ; Target                  ;
+--------+--------------+----------------+------------------+-----------------+------------+-------------------------+
; -0.500 ; 0.500        ; 1.000          ; High Pulse Width ; contador:i1|fim ; Rise       ; contador:i2|temp[0]     ;
; -0.500 ; 0.500        ; 1.000          ; Low Pulse Width  ; contador:i1|fim ; Rise       ; contador:i2|temp[0]     ;
; -0.500 ; 0.500        ; 1.000          ; High Pulse Width ; contador:i1|fim ; Rise       ; contador:i2|temp[1]     ;
; -0.500 ; 0.500        ; 1.000          ; Low Pulse Width  ; contador:i1|fim ; Rise       ; contador:i2|temp[1]     ;
; -0.500 ; 0.500        ; 1.000          ; High Pulse Width ; contador:i1|fim ; Rise       ; contador:i2|temp[2]     ;
; -0.500 ; 0.500        ; 1.000          ; Low Pulse Width  ; contador:i1|fim ; Rise       ; contador:i2|temp[2]     ;
; -0.500 ; 0.500        ; 1.000          ; High Pulse Width ; contador:i1|fim ; Rise       ; contador:i2|temp[3]     ;
; -0.500 ; 0.500        ; 1.000          ; Low Pulse Width  ; contador:i1|fim ; Rise       ; contador:i2|temp[3]     ;
; 0.500  ; 0.500        ; 0.000          ; High Pulse Width ; contador:i1|fim ; Rise       ; i1|fim|regout           ;
; 0.500  ; 0.500        ; 0.000          ; Low Pulse Width  ; contador:i1|fim ; Rise       ; i1|fim|regout           ;
; 0.500  ; 0.500        ; 0.000          ; High Pulse Width ; contador:i1|fim ; Rise       ; i1|fim~clkctrl|inclk[0] ;
; 0.500  ; 0.500        ; 0.000          ; Low Pulse Width  ; contador:i1|fim ; Rise       ; i1|fim~clkctrl|inclk[0] ;
; 0.500  ; 0.500        ; 0.000          ; High Pulse Width ; contador:i1|fim ; Rise       ; i1|fim~clkctrl|outclk   ;
; 0.500  ; 0.500        ; 0.000          ; Low Pulse Width  ; contador:i1|fim ; Rise       ; i1|fim~clkctrl|outclk   ;
; 0.500  ; 0.500        ; 0.000          ; High Pulse Width ; contador:i1|fim ; Rise       ; i2|temp[0]|clk          ;
; 0.500  ; 0.500        ; 0.000          ; Low Pulse Width  ; contador:i1|fim ; Rise       ; i2|temp[0]|clk          ;
; 0.500  ; 0.500        ; 0.000          ; High Pulse Width ; contador:i1|fim ; Rise       ; i2|temp[1]|clk          ;
; 0.500  ; 0.500        ; 0.000          ; Low Pulse Width  ; contador:i1|fim ; Rise       ; i2|temp[1]|clk          ;
; 0.500  ; 0.500        ; 0.000          ; High Pulse Width ; contador:i1|fim ; Rise       ; i2|temp[2]|clk          ;
; 0.500  ; 0.500        ; 0.000          ; Low Pulse Width  ; contador:i1|fim ; Rise       ; i2|temp[2]|clk          ;
; 0.500  ; 0.500        ; 0.000          ; High Pulse Width ; contador:i1|fim ; Rise       ; i2|temp[3]|clk          ;
; 0.500  ; 0.500        ; 0.000          ; Low Pulse Width  ; contador:i1|fim ; Rise       ; i2|temp[3]|clk          ;
+--------+--------------+----------------+------------------+-----------------+------------+-------------------------+


+---------------------------------------------------------------------------------------------------------------------------------+
; Slow Model Minimum Pulse Width: 'freqdiv:i0|contador:count0|fim'                                                                ;
+--------+--------------+----------------+------------------+--------------------------------+------------+-----------------------+
; Slack  ; Actual Width ; Required Width ; Type             ; Clock                          ; Clock Edge ; Target                ;
+--------+--------------+----------------+------------------+--------------------------------+------------+-----------------------+
; -0.500 ; 0.500        ; 1.000          ; High Pulse Width ; freqdiv:i0|contador:count0|fim ; Rise       ; freqdiv:i0|clkout_aux ;
; -0.500 ; 0.500        ; 1.000          ; Low Pulse Width  ; freqdiv:i0|contador:count0|fim ; Rise       ; freqdiv:i0|clkout_aux ;
; 0.500  ; 0.500        ; 0.000          ; High Pulse Width ; freqdiv:i0|contador:count0|fim ; Rise       ; i0|clkout_aux|clk     ;
; 0.500  ; 0.500        ; 0.000          ; Low Pulse Width  ; freqdiv:i0|contador:count0|fim ; Rise       ; i0|clkout_aux|clk     ;
; 0.500  ; 0.500        ; 0.000          ; High Pulse Width ; freqdiv:i0|contador:count0|fim ; Rise       ; i0|count0|fim|regout  ;
; 0.500  ; 0.500        ; 0.000          ; Low Pulse Width  ; freqdiv:i0|contador:count0|fim ; Rise       ; i0|count0|fim|regout  ;
+--------+--------------+----------------+------------------+--------------------------------+------------+-----------------------+


+----------------------------------------------------------------------------------------+
; Clock to Output Times                                                                  ;
+-----------+-----------------------+-------+-------+------------+-----------------------+
; Data Port ; Clock Port            ; Rise  ; Fall  ; Clock Edge ; Clock Reference       ;
+-----------+-----------------------+-------+-------+------------+-----------------------+
; min[*]    ; contador:i1|fim       ; 6.001 ; 6.001 ; Rise       ; contador:i1|fim       ;
;  min[0]   ; contador:i1|fim       ; 5.828 ; 5.828 ; Rise       ; contador:i1|fim       ;
;  min[1]   ; contador:i1|fim       ; 5.839 ; 5.839 ; Rise       ; contador:i1|fim       ;
;  min[2]   ; contador:i1|fim       ; 6.001 ; 6.001 ; Rise       ; contador:i1|fim       ;
;  min[3]   ; contador:i1|fim       ; 5.821 ; 5.821 ; Rise       ; contador:i1|fim       ;
; sec[*]    ; freqdiv:i0|clkout_aux ; 6.043 ; 6.043 ; Rise       ; freqdiv:i0|clkout_aux ;
;  sec[0]   ; freqdiv:i0|clkout_aux ; 6.023 ; 6.023 ; Rise       ; freqdiv:i0|clkout_aux ;
;  sec[1]   ; freqdiv:i0|clkout_aux ; 6.043 ; 6.043 ; Rise       ; freqdiv:i0|clkout_aux ;
;  sec[2]   ; freqdiv:i0|clkout_aux ; 6.016 ; 6.016 ; Rise       ; freqdiv:i0|clkout_aux ;
;  sec[3]   ; freqdiv:i0|clkout_aux ; 6.017 ; 6.017 ; Rise       ; freqdiv:i0|clkout_aux ;
+-----------+-----------------------+-------+-------+------------+-----------------------+


+----------------------------------------------------------------------------------------+
; Minimum Clock to Output Times                                                          ;
+-----------+-----------------------+-------+-------+------------+-----------------------+
; Data Port ; Clock Port            ; Rise  ; Fall  ; Clock Edge ; Clock Reference       ;
+-----------+-----------------------+-------+-------+------------+-----------------------+
; min[*]    ; contador:i1|fim       ; 5.821 ; 5.821 ; Rise       ; contador:i1|fim       ;
;  min[0]   ; contador:i1|fim       ; 5.828 ; 5.828 ; Rise       ; contador:i1|fim       ;
;  min[1]   ; contador:i1|fim       ; 5.839 ; 5.839 ; Rise       ; contador:i1|fim       ;
;  min[2]   ; contador:i1|fim       ; 6.001 ; 6.001 ; Rise       ; contador:i1|fim       ;
;  min[3]   ; contador:i1|fim       ; 5.821 ; 5.821 ; Rise       ; contador:i1|fim       ;
; sec[*]    ; freqdiv:i0|clkout_aux ; 6.016 ; 6.016 ; Rise       ; freqdiv:i0|clkout_aux ;
;  sec[0]   ; freqdiv:i0|clkout_aux ; 6.023 ; 6.023 ; Rise       ; freqdiv:i0|clkout_aux ;
;  sec[1]   ; freqdiv:i0|clkout_aux ; 6.043 ; 6.043 ; Rise       ; freqdiv:i0|clkout_aux ;
;  sec[2]   ; freqdiv:i0|clkout_aux ; 6.016 ; 6.016 ; Rise       ; freqdiv:i0|clkout_aux ;
;  sec[3]   ; freqdiv:i0|clkout_aux ; 6.017 ; 6.017 ; Rise       ; freqdiv:i0|clkout_aux ;
+-----------+-----------------------+-------+-------+------------+-----------------------+


+--------------------------------------------------------+
; Fast Model Setup Summary                               ;
+--------------------------------+-------+---------------+
; Clock                          ; Slack ; End Point TNS ;
+--------------------------------+-------+---------------+
; freqdiv:i0|clkout_aux          ; 0.404 ; 0.000         ;
; contador:i1|fim                ; 0.441 ; 0.000         ;
; clk                            ; 0.502 ; 0.000         ;
; freqdiv:i0|contador:count0|fim ; 0.780 ; 0.000         ;
+--------------------------------+-------+---------------+


+---------------------------------------------------------+
; Fast Model Hold Summary                                 ;
+--------------------------------+--------+---------------+
; Clock                          ; Slack  ; End Point TNS ;
+--------------------------------+--------+---------------+
; freqdiv:i0|contador:count0|fim ; -0.400 ; -0.400        ;
; clk                            ; 0.215  ; 0.000         ;
; contador:i1|fim                ; 0.215  ; 0.000         ;
; freqdiv:i0|clkout_aux          ; 0.215  ; 0.000         ;
+--------------------------------+--------+---------------+


-------------------------------
; Fast Model Recovery Summary ;
-------------------------------
No paths to report.


------------------------------
; Fast Model Removal Summary ;
------------------------------
No paths to report.


+---------------------------------------------------------+
; Fast Model Minimum Pulse Width Summary                  ;
+--------------------------------+--------+---------------+
; Clock                          ; Slack  ; End Point TNS ;
+--------------------------------+--------+---------------+
; clk                            ; -1.380 ; -6.380        ;
; freqdiv:i0|clkout_aux          ; -0.500 ; -5.000        ;
; contador:i1|fim                ; -0.500 ; -4.000        ;
; freqdiv:i0|contador:count0|fim ; -0.500 ; -1.000        ;
+--------------------------------+--------+---------------+


+--------------------------------------------------------------------------------------------------------------------------------------------+
; Fast Model Setup: 'freqdiv:i0|clkout_aux'                                                                                                  ;
+-------+---------------------+---------------------+-----------------------+-----------------------+--------------+------------+------------+
; Slack ; From Node           ; To Node             ; Launch Clock          ; Latch Clock           ; Relationship ; Clock Skew ; Data Delay ;
+-------+---------------------+---------------------+-----------------------+-----------------------+--------------+------------+------------+
; 0.404 ; contador:i1|temp[1] ; contador:i1|fim     ; freqdiv:i0|clkout_aux ; freqdiv:i0|clkout_aux ; 1.000        ; 0.000      ; 0.628      ;
; 0.407 ; contador:i1|temp[0] ; contador:i1|temp[3] ; freqdiv:i0|clkout_aux ; freqdiv:i0|clkout_aux ; 1.000        ; 0.000      ; 0.625      ;
; 0.411 ; contador:i1|temp[1] ; contador:i1|temp[0] ; freqdiv:i0|clkout_aux ; freqdiv:i0|clkout_aux ; 1.000        ; 0.000      ; 0.621      ;
; 0.506 ; contador:i1|temp[0] ; contador:i1|fim     ; freqdiv:i0|clkout_aux ; freqdiv:i0|clkout_aux ; 1.000        ; 0.000      ; 0.526      ;
; 0.511 ; contador:i1|temp[1] ; contador:i1|temp[3] ; freqdiv:i0|clkout_aux ; freqdiv:i0|clkout_aux ; 1.000        ; 0.000      ; 0.521      ;
; 0.512 ; contador:i1|temp[1] ; contador:i1|temp[2] ; freqdiv:i0|clkout_aux ; freqdiv:i0|clkout_aux ; 1.000        ; 0.000      ; 0.520      ;
; 0.516 ; contador:i1|temp[3] ; contador:i1|temp[0] ; freqdiv:i0|clkout_aux ; freqdiv:i0|clkout_aux ; 1.000        ; 0.000      ; 0.516      ;
; 0.559 ; contador:i1|temp[3] ; contador:i1|fim     ; freqdiv:i0|clkout_aux ; freqdiv:i0|clkout_aux ; 1.000        ; 0.000      ; 0.473      ;
; 0.628 ; contador:i1|temp[0] ; contador:i1|temp[1] ; freqdiv:i0|clkout_aux ; freqdiv:i0|clkout_aux ; 1.000        ; 0.000      ; 0.404      ;
; 0.628 ; contador:i1|temp[0] ; contador:i1|temp[2] ; freqdiv:i0|clkout_aux ; freqdiv:i0|clkout_aux ; 1.000        ; 0.000      ; 0.404      ;
; 0.630 ; contador:i1|temp[2] ; contador:i1|temp[3] ; freqdiv:i0|clkout_aux ; freqdiv:i0|clkout_aux ; 1.000        ; 0.000      ; 0.402      ;
; 0.633 ; contador:i1|temp[2] ; contador:i1|fim     ; freqdiv:i0|clkout_aux ; freqdiv:i0|clkout_aux ; 1.000        ; 0.000      ; 0.399      ;
; 0.633 ; contador:i1|temp[2] ; contador:i1|temp[0] ; freqdiv:i0|clkout_aux ; freqdiv:i0|clkout_aux ; 1.000        ; 0.000      ; 0.399      ;
; 0.665 ; contador:i1|temp[3] ; contador:i1|temp[3] ; freqdiv:i0|clkout_aux ; freqdiv:i0|clkout_aux ; 1.000        ; 0.000      ; 0.367      ;
; 0.665 ; contador:i1|temp[0] ; contador:i1|temp[0] ; freqdiv:i0|clkout_aux ; freqdiv:i0|clkout_aux ; 1.000        ; 0.000      ; 0.367      ;
; 0.665 ; contador:i1|temp[2] ; contador:i1|temp[2] ; freqdiv:i0|clkout_aux ; freqdiv:i0|clkout_aux ; 1.000        ; 0.000      ; 0.367      ;
; 0.665 ; contador:i1|temp[1] ; contador:i1|temp[1] ; freqdiv:i0|clkout_aux ; freqdiv:i0|clkout_aux ; 1.000        ; 0.000      ; 0.367      ;
+-------+---------------------+---------------------+-----------------------+-----------------------+--------------+------------+------------+


+--------------------------------------------------------------------------------------------------------------------------------+
; Fast Model Setup: 'contador:i1|fim'                                                                                            ;
+-------+---------------------+---------------------+-----------------+-----------------+--------------+------------+------------+
; Slack ; From Node           ; To Node             ; Launch Clock    ; Latch Clock     ; Relationship ; Clock Skew ; Data Delay ;
+-------+---------------------+---------------------+-----------------+-----------------+--------------+------------+------------+
; 0.441 ; contador:i2|temp[1] ; contador:i2|temp[0] ; contador:i1|fim ; contador:i1|fim ; 1.000        ; 0.000      ; 0.591      ;
; 0.502 ; contador:i2|temp[0] ; contador:i2|temp[3] ; contador:i1|fim ; contador:i1|fim ; 1.000        ; 0.000      ; 0.530      ;
; 0.503 ; contador:i2|temp[0] ; contador:i2|temp[2] ; contador:i1|fim ; contador:i1|fim ; 1.000        ; 0.000      ; 0.529      ;
; 0.513 ; contador:i2|temp[1] ; contador:i2|temp[3] ; contador:i1|fim ; contador:i1|fim ; 1.000        ; 0.000      ; 0.519      ;
; 0.515 ; contador:i2|temp[1] ; contador:i2|temp[2] ; contador:i1|fim ; contador:i1|fim ; 1.000        ; 0.000      ; 0.517      ;
; 0.522 ; contador:i2|temp[3] ; contador:i2|temp[0] ; contador:i1|fim ; contador:i1|fim ; 1.000        ; 0.000      ; 0.510      ;
; 0.631 ; contador:i2|temp[2] ; contador:i2|temp[0] ; contador:i1|fim ; contador:i1|fim ; 1.000        ; 0.000      ; 0.401      ;
; 0.632 ; contador:i2|temp[2] ; contador:i2|temp[3] ; contador:i1|fim ; contador:i1|fim ; 1.000        ; 0.000      ; 0.400      ;
; 0.633 ; contador:i2|temp[0] ; contador:i2|temp[1] ; contador:i1|fim ; contador:i1|fim ; 1.000        ; 0.000      ; 0.399      ;
; 0.665 ; contador:i2|temp[0] ; contador:i2|temp[0] ; contador:i1|fim ; contador:i1|fim ; 1.000        ; 0.000      ; 0.367      ;
; 0.665 ; contador:i2|temp[3] ; contador:i2|temp[3] ; contador:i1|fim ; contador:i1|fim ; 1.000        ; 0.000      ; 0.367      ;
; 0.665 ; contador:i2|temp[2] ; contador:i2|temp[2] ; contador:i1|fim ; contador:i1|fim ; 1.000        ; 0.000      ; 0.367      ;
; 0.665 ; contador:i2|temp[1] ; contador:i2|temp[1] ; contador:i1|fim ; contador:i1|fim ; 1.000        ; 0.000      ; 0.367      ;
+-------+---------------------+---------------------+-----------------+-----------------+--------------+------------+------------+


+-------------------------------------------------------------------------------------------------------------------------------------------------------+
; Fast Model Setup: 'clk'                                                                                                                               ;
+-------+------------------------------------+------------------------------------+--------------+-------------+--------------+------------+------------+
; Slack ; From Node                          ; To Node                            ; Launch Clock ; Latch Clock ; Relationship ; Clock Skew ; Data Delay ;
+-------+------------------------------------+------------------------------------+--------------+-------------+--------------+------------+------------+
; 0.502 ; freqdiv:i0|contador:count0|temp[2] ; freqdiv:i0|contador:count0|temp[3] ; clk          ; clk         ; 1.000        ; 0.000      ; 0.530      ;
; 0.502 ; freqdiv:i0|contador:count0|temp[2] ; freqdiv:i0|contador:count0|temp[1] ; clk          ; clk         ; 1.000        ; 0.000      ; 0.530      ;
; 0.503 ; freqdiv:i0|contador:count0|temp[3] ; freqdiv:i0|contador:count0|fim     ; clk          ; clk         ; 1.000        ; 0.000      ; 0.529      ;
; 0.506 ; freqdiv:i0|contador:count0|temp[0] ; freqdiv:i0|contador:count0|temp[1] ; clk          ; clk         ; 1.000        ; 0.000      ; 0.526      ;
; 0.510 ; freqdiv:i0|contador:count0|temp[1] ; freqdiv:i0|contador:count0|fim     ; clk          ; clk         ; 1.000        ; 0.000      ; 0.522      ;
; 0.512 ; freqdiv:i0|contador:count0|temp[1] ; freqdiv:i0|contador:count0|temp[2] ; clk          ; clk         ; 1.000        ; 0.000      ; 0.520      ;
; 0.515 ; freqdiv:i0|contador:count0|temp[1] ; freqdiv:i0|contador:count0|temp[3] ; clk          ; clk         ; 1.000        ; 0.000      ; 0.517      ;
; 0.578 ; freqdiv:i0|contador:count0|temp[2] ; freqdiv:i0|contador:count0|fim     ; clk          ; clk         ; 1.000        ; 0.000      ; 0.454      ;
; 0.627 ; freqdiv:i0|contador:count0|temp[0] ; freqdiv:i0|contador:count0|temp[3] ; clk          ; clk         ; 1.000        ; 0.000      ; 0.405      ;
; 0.627 ; freqdiv:i0|contador:count0|temp[0] ; freqdiv:i0|contador:count0|fim     ; clk          ; clk         ; 1.000        ; 0.000      ; 0.405      ;
; 0.633 ; freqdiv:i0|contador:count0|temp[0] ; freqdiv:i0|contador:count0|temp[2] ; clk          ; clk         ; 1.000        ; 0.000      ; 0.399      ;
; 0.640 ; freqdiv:i0|contador:count0|temp[3] ; freqdiv:i0|contador:count0|temp[1] ; clk          ; clk         ; 1.000        ; 0.000      ; 0.392      ;
; 0.665 ; freqdiv:i0|contador:count0|temp[0] ; freqdiv:i0|contador:count0|temp[0] ; clk          ; clk         ; 1.000        ; 0.000      ; 0.367      ;
; 0.665 ; freqdiv:i0|contador:count0|temp[3] ; freqdiv:i0|contador:count0|temp[3] ; clk          ; clk         ; 1.000        ; 0.000      ; 0.367      ;
; 0.665 ; freqdiv:i0|contador:count0|temp[1] ; freqdiv:i0|contador:count0|temp[1] ; clk          ; clk         ; 1.000        ; 0.000      ; 0.367      ;
; 0.665 ; freqdiv:i0|contador:count0|temp[2] ; freqdiv:i0|contador:count0|temp[2] ; clk          ; clk         ; 1.000        ; 0.000      ; 0.367      ;
+-------+------------------------------------+------------------------------------+--------------+-------------+--------------+------------+------------+


+---------------------------------------------------------------------------------------------------------------------------------------------------------+
; Fast Model Setup: 'freqdiv:i0|contador:count0|fim'                                                                                                      ;
+-------+-----------------------+-----------------------+-----------------------+--------------------------------+--------------+------------+------------+
; Slack ; From Node             ; To Node               ; Launch Clock          ; Latch Clock                    ; Relationship ; Clock Skew ; Data Delay ;
+-------+-----------------------+-----------------------+-----------------------+--------------------------------+--------------+------------+------------+
; 0.780 ; freqdiv:i0|clkout_aux ; freqdiv:i0|clkout_aux ; freqdiv:i0|clkout_aux ; freqdiv:i0|contador:count0|fim ; 0.500        ; 0.474      ; 0.367      ;
; 1.280 ; freqdiv:i0|clkout_aux ; freqdiv:i0|clkout_aux ; freqdiv:i0|clkout_aux ; freqdiv:i0|contador:count0|fim ; 1.000        ; 0.474      ; 0.367      ;
+-------+-----------------------+-----------------------+-----------------------+--------------------------------+--------------+------------+------------+


+----------------------------------------------------------------------------------------------------------------------------------------------------------+
; Fast Model Hold: 'freqdiv:i0|contador:count0|fim'                                                                                                        ;
+--------+-----------------------+-----------------------+-----------------------+--------------------------------+--------------+------------+------------+
; Slack  ; From Node             ; To Node               ; Launch Clock          ; Latch Clock                    ; Relationship ; Clock Skew ; Data Delay ;
+--------+-----------------------+-----------------------+-----------------------+--------------------------------+--------------+------------+------------+
; -0.400 ; freqdiv:i0|clkout_aux ; freqdiv:i0|clkout_aux ; freqdiv:i0|clkout_aux ; freqdiv:i0|contador:count0|fim ; 0.000        ; 0.474      ; 0.367      ;
; 0.100  ; freqdiv:i0|clkout_aux ; freqdiv:i0|clkout_aux ; freqdiv:i0|clkout_aux ; freqdiv:i0|contador:count0|fim ; -0.500       ; 0.474      ; 0.367      ;
+--------+-----------------------+-----------------------+-----------------------+--------------------------------+--------------+------------+------------+


+-------------------------------------------------------------------------------------------------------------------------------------------------------+
; Fast Model Hold: 'clk'                                                                                                                                ;
+-------+------------------------------------+------------------------------------+--------------+-------------+--------------+------------+------------+
; Slack ; From Node                          ; To Node                            ; Launch Clock ; Latch Clock ; Relationship ; Clock Skew ; Data Delay ;
+-------+------------------------------------+------------------------------------+--------------+-------------+--------------+------------+------------+
; 0.215 ; freqdiv:i0|contador:count0|temp[0] ; freqdiv:i0|contador:count0|temp[0] ; clk          ; clk         ; 0.000        ; 0.000      ; 0.367      ;
; 0.215 ; freqdiv:i0|contador:count0|temp[3] ; freqdiv:i0|contador:count0|temp[3] ; clk          ; clk         ; 0.000        ; 0.000      ; 0.367      ;
; 0.215 ; freqdiv:i0|contador:count0|temp[1] ; freqdiv:i0|contador:count0|temp[1] ; clk          ; clk         ; 0.000        ; 0.000      ; 0.367      ;
; 0.215 ; freqdiv:i0|contador:count0|temp[2] ; freqdiv:i0|contador:count0|temp[2] ; clk          ; clk         ; 0.000        ; 0.000      ; 0.367      ;
; 0.240 ; freqdiv:i0|contador:count0|temp[3] ; freqdiv:i0|contador:count0|temp[1] ; clk          ; clk         ; 0.000        ; 0.000      ; 0.392      ;
; 0.247 ; freqdiv:i0|contador:count0|temp[0] ; freqdiv:i0|contador:count0|temp[2] ; clk          ; clk         ; 0.000        ; 0.000      ; 0.399      ;
; 0.253 ; freqdiv:i0|contador:count0|temp[0] ; freqdiv:i0|contador:count0|fim     ; clk          ; clk         ; 0.000        ; 0.000      ; 0.405      ;
; 0.253 ; freqdiv:i0|contador:count0|temp[0] ; freqdiv:i0|contador:count0|temp[3] ; clk          ; clk         ; 0.000        ; 0.000      ; 0.405      ;
; 0.302 ; freqdiv:i0|contador:count0|temp[2] ; freqdiv:i0|contador:count0|fim     ; clk          ; clk         ; 0.000        ; 0.000      ; 0.454      ;
; 0.365 ; freqdiv:i0|contador:count0|temp[1] ; freqdiv:i0|contador:count0|temp[3] ; clk          ; clk         ; 0.000        ; 0.000      ; 0.517      ;
; 0.368 ; freqdiv:i0|contador:count0|temp[1] ; freqdiv:i0|contador:count0|temp[2] ; clk          ; clk         ; 0.000        ; 0.000      ; 0.520      ;
; 0.370 ; freqdiv:i0|contador:count0|temp[1] ; freqdiv:i0|contador:count0|fim     ; clk          ; clk         ; 0.000        ; 0.000      ; 0.522      ;
; 0.374 ; freqdiv:i0|contador:count0|temp[0] ; freqdiv:i0|contador:count0|temp[1] ; clk          ; clk         ; 0.000        ; 0.000      ; 0.526      ;
; 0.377 ; freqdiv:i0|contador:count0|temp[3] ; freqdiv:i0|contador:count0|fim     ; clk          ; clk         ; 0.000        ; 0.000      ; 0.529      ;
; 0.378 ; freqdiv:i0|contador:count0|temp[2] ; freqdiv:i0|contador:count0|temp[3] ; clk          ; clk         ; 0.000        ; 0.000      ; 0.530      ;
; 0.378 ; freqdiv:i0|contador:count0|temp[2] ; freqdiv:i0|contador:count0|temp[1] ; clk          ; clk         ; 0.000        ; 0.000      ; 0.530      ;
+-------+------------------------------------+------------------------------------+--------------+-------------+--------------+------------+------------+


+--------------------------------------------------------------------------------------------------------------------------------+
; Fast Model Hold: 'contador:i1|fim'                                                                                             ;
+-------+---------------------+---------------------+-----------------+-----------------+--------------+------------+------------+
; Slack ; From Node           ; To Node             ; Launch Clock    ; Latch Clock     ; Relationship ; Clock Skew ; Data Delay ;
+-------+---------------------+---------------------+-----------------+-----------------+--------------+------------+------------+
; 0.215 ; contador:i2|temp[1] ; contador:i2|temp[1] ; contador:i1|fim ; contador:i1|fim ; 0.000        ; 0.000      ; 0.367      ;
; 0.215 ; contador:i2|temp[2] ; contador:i2|temp[2] ; contador:i1|fim ; contador:i1|fim ; 0.000        ; 0.000      ; 0.367      ;
; 0.215 ; contador:i2|temp[3] ; contador:i2|temp[3] ; contador:i1|fim ; contador:i1|fim ; 0.000        ; 0.000      ; 0.367      ;
; 0.215 ; contador:i2|temp[0] ; contador:i2|temp[0] ; contador:i1|fim ; contador:i1|fim ; 0.000        ; 0.000      ; 0.367      ;
; 0.247 ; contador:i2|temp[0] ; contador:i2|temp[1] ; contador:i1|fim ; contador:i1|fim ; 0.000        ; 0.000      ; 0.399      ;
; 0.248 ; contador:i2|temp[2] ; contador:i2|temp[3] ; contador:i1|fim ; contador:i1|fim ; 0.000        ; 0.000      ; 0.400      ;
; 0.249 ; contador:i2|temp[2] ; contador:i2|temp[0] ; contador:i1|fim ; contador:i1|fim ; 0.000        ; 0.000      ; 0.401      ;
; 0.358 ; contador:i2|temp[3] ; contador:i2|temp[0] ; contador:i1|fim ; contador:i1|fim ; 0.000        ; 0.000      ; 0.510      ;
; 0.365 ; contador:i2|temp[1] ; contador:i2|temp[2] ; contador:i1|fim ; contador:i1|fim ; 0.000        ; 0.000      ; 0.517      ;
; 0.367 ; contador:i2|temp[1] ; contador:i2|temp[3] ; contador:i1|fim ; contador:i1|fim ; 0.000        ; 0.000      ; 0.519      ;
; 0.377 ; contador:i2|temp[0] ; contador:i2|temp[2] ; contador:i1|fim ; contador:i1|fim ; 0.000        ; 0.000      ; 0.529      ;
; 0.378 ; contador:i2|temp[0] ; contador:i2|temp[3] ; contador:i1|fim ; contador:i1|fim ; 0.000        ; 0.000      ; 0.530      ;
; 0.439 ; contador:i2|temp[1] ; contador:i2|temp[0] ; contador:i1|fim ; contador:i1|fim ; 0.000        ; 0.000      ; 0.591      ;
+-------+---------------------+---------------------+-----------------+-----------------+--------------+------------+------------+


+--------------------------------------------------------------------------------------------------------------------------------------------+
; Fast Model Hold: 'freqdiv:i0|clkout_aux'                                                                                                   ;
+-------+---------------------+---------------------+-----------------------+-----------------------+--------------+------------+------------+
; Slack ; From Node           ; To Node             ; Launch Clock          ; Latch Clock           ; Relationship ; Clock Skew ; Data Delay ;
+-------+---------------------+---------------------+-----------------------+-----------------------+--------------+------------+------------+
; 0.215 ; contador:i1|temp[1] ; contador:i1|temp[1] ; freqdiv:i0|clkout_aux ; freqdiv:i0|clkout_aux ; 0.000        ; 0.000      ; 0.367      ;
; 0.215 ; contador:i1|temp[2] ; contador:i1|temp[2] ; freqdiv:i0|clkout_aux ; freqdiv:i0|clkout_aux ; 0.000        ; 0.000      ; 0.367      ;
; 0.215 ; contador:i1|temp[3] ; contador:i1|temp[3] ; freqdiv:i0|clkout_aux ; freqdiv:i0|clkout_aux ; 0.000        ; 0.000      ; 0.367      ;
; 0.215 ; contador:i1|temp[0] ; contador:i1|temp[0] ; freqdiv:i0|clkout_aux ; freqdiv:i0|clkout_aux ; 0.000        ; 0.000      ; 0.367      ;
; 0.247 ; contador:i1|temp[2] ; contador:i1|fim     ; freqdiv:i0|clkout_aux ; freqdiv:i0|clkout_aux ; 0.000        ; 0.000      ; 0.399      ;
; 0.247 ; contador:i1|temp[2] ; contador:i1|temp[0] ; freqdiv:i0|clkout_aux ; freqdiv:i0|clkout_aux ; 0.000        ; 0.000      ; 0.399      ;
; 0.250 ; contador:i1|temp[2] ; contador:i1|temp[3] ; freqdiv:i0|clkout_aux ; freqdiv:i0|clkout_aux ; 0.000        ; 0.000      ; 0.402      ;
; 0.252 ; contador:i1|temp[0] ; contador:i1|temp[1] ; freqdiv:i0|clkout_aux ; freqdiv:i0|clkout_aux ; 0.000        ; 0.000      ; 0.404      ;
; 0.252 ; contador:i1|temp[0] ; contador:i1|temp[2] ; freqdiv:i0|clkout_aux ; freqdiv:i0|clkout_aux ; 0.000        ; 0.000      ; 0.404      ;
; 0.321 ; contador:i1|temp[3] ; contador:i1|fim     ; freqdiv:i0|clkout_aux ; freqdiv:i0|clkout_aux ; 0.000        ; 0.000      ; 0.473      ;
; 0.364 ; contador:i1|temp[3] ; contador:i1|temp[0] ; freqdiv:i0|clkout_aux ; freqdiv:i0|clkout_aux ; 0.000        ; 0.000      ; 0.516      ;
; 0.368 ; contador:i1|temp[1] ; contador:i1|temp[2] ; freqdiv:i0|clkout_aux ; freqdiv:i0|clkout_aux ; 0.000        ; 0.000      ; 0.520      ;
; 0.369 ; contador:i1|temp[1] ; contador:i1|temp[3] ; freqdiv:i0|clkout_aux ; freqdiv:i0|clkout_aux ; 0.000        ; 0.000      ; 0.521      ;
; 0.374 ; contador:i1|temp[0] ; contador:i1|fim     ; freqdiv:i0|clkout_aux ; freqdiv:i0|clkout_aux ; 0.000        ; 0.000      ; 0.526      ;
; 0.469 ; contador:i1|temp[1] ; contador:i1|temp[0] ; freqdiv:i0|clkout_aux ; freqdiv:i0|clkout_aux ; 0.000        ; 0.000      ; 0.621      ;
; 0.473 ; contador:i1|temp[0] ; contador:i1|temp[3] ; freqdiv:i0|clkout_aux ; freqdiv:i0|clkout_aux ; 0.000        ; 0.000      ; 0.625      ;
; 0.476 ; contador:i1|temp[1] ; contador:i1|fim     ; freqdiv:i0|clkout_aux ; freqdiv:i0|clkout_aux ; 0.000        ; 0.000      ; 0.628      ;
+-------+---------------------+---------------------+-----------------------+-----------------------+--------------+------------+------------+


+---------------------------------------------------------------------------------------------------------------------+
; Fast Model Minimum Pulse Width: 'clk'                                                                               ;
+--------+--------------+----------------+------------------+-------+------------+------------------------------------+
; Slack  ; Actual Width ; Required Width ; Type             ; Clock ; Clock Edge ; Target                             ;
+--------+--------------+----------------+------------------+-------+------------+------------------------------------+
; -1.380 ; 1.000        ; 2.380          ; Port Rate        ; clk   ; Rise       ; clk                                ;
; -0.500 ; 0.500        ; 1.000          ; High Pulse Width ; clk   ; Rise       ; freqdiv:i0|contador:count0|fim     ;
; -0.500 ; 0.500        ; 1.000          ; Low Pulse Width  ; clk   ; Rise       ; freqdiv:i0|contador:count0|fim     ;
; -0.500 ; 0.500        ; 1.000          ; High Pulse Width ; clk   ; Rise       ; freqdiv:i0|contador:count0|temp[0] ;
; -0.500 ; 0.500        ; 1.000          ; Low Pulse Width  ; clk   ; Rise       ; freqdiv:i0|contador:count0|temp[0] ;
; -0.500 ; 0.500        ; 1.000          ; High Pulse Width ; clk   ; Rise       ; freqdiv:i0|contador:count0|temp[1] ;
; -0.500 ; 0.500        ; 1.000          ; Low Pulse Width  ; clk   ; Rise       ; freqdiv:i0|contador:count0|temp[1] ;
; -0.500 ; 0.500        ; 1.000          ; High Pulse Width ; clk   ; Rise       ; freqdiv:i0|contador:count0|temp[2] ;
; -0.500 ; 0.500        ; 1.000          ; Low Pulse Width  ; clk   ; Rise       ; freqdiv:i0|contador:count0|temp[2] ;
; -0.500 ; 0.500        ; 1.000          ; High Pulse Width ; clk   ; Rise       ; freqdiv:i0|contador:count0|temp[3] ;
; -0.500 ; 0.500        ; 1.000          ; Low Pulse Width  ; clk   ; Rise       ; freqdiv:i0|contador:count0|temp[3] ;
; 0.500  ; 0.500        ; 0.000          ; High Pulse Width ; clk   ; Rise       ; clk|combout                        ;
; 0.500  ; 0.500        ; 0.000          ; Low Pulse Width  ; clk   ; Rise       ; clk|combout                        ;
; 0.500  ; 0.500        ; 0.000          ; High Pulse Width ; clk   ; Rise       ; clk~clkctrl|inclk[0]               ;
; 0.500  ; 0.500        ; 0.000          ; Low Pulse Width  ; clk   ; Rise       ; clk~clkctrl|inclk[0]               ;
; 0.500  ; 0.500        ; 0.000          ; High Pulse Width ; clk   ; Rise       ; clk~clkctrl|outclk                 ;
; 0.500  ; 0.500        ; 0.000          ; Low Pulse Width  ; clk   ; Rise       ; clk~clkctrl|outclk                 ;
; 0.500  ; 0.500        ; 0.000          ; High Pulse Width ; clk   ; Rise       ; i0|count0|fim|clk                  ;
; 0.500  ; 0.500        ; 0.000          ; Low Pulse Width  ; clk   ; Rise       ; i0|count0|fim|clk                  ;
; 0.500  ; 0.500        ; 0.000          ; High Pulse Width ; clk   ; Rise       ; i0|count0|temp[0]|clk              ;
; 0.500  ; 0.500        ; 0.000          ; Low Pulse Width  ; clk   ; Rise       ; i0|count0|temp[0]|clk              ;
; 0.500  ; 0.500        ; 0.000          ; High Pulse Width ; clk   ; Rise       ; i0|count0|temp[1]|clk              ;
; 0.500  ; 0.500        ; 0.000          ; Low Pulse Width  ; clk   ; Rise       ; i0|count0|temp[1]|clk              ;
; 0.500  ; 0.500        ; 0.000          ; High Pulse Width ; clk   ; Rise       ; i0|count0|temp[2]|clk              ;
; 0.500  ; 0.500        ; 0.000          ; Low Pulse Width  ; clk   ; Rise       ; i0|count0|temp[2]|clk              ;
; 0.500  ; 0.500        ; 0.000          ; High Pulse Width ; clk   ; Rise       ; i0|count0|temp[3]|clk              ;
; 0.500  ; 0.500        ; 0.000          ; Low Pulse Width  ; clk   ; Rise       ; i0|count0|temp[3]|clk              ;
+--------+--------------+----------------+------------------+-------+------------+------------------------------------+


+---------------------------------------------------------------------------------------------------------------------------------+
; Fast Model Minimum Pulse Width: 'freqdiv:i0|clkout_aux'                                                                         ;
+--------+--------------+----------------+------------------+-----------------------+------------+--------------------------------+
; Slack  ; Actual Width ; Required Width ; Type             ; Clock                 ; Clock Edge ; Target                         ;
+--------+--------------+----------------+------------------+-----------------------+------------+--------------------------------+
; -0.500 ; 0.500        ; 1.000          ; High Pulse Width ; freqdiv:i0|clkout_aux ; Rise       ; contador:i1|fim                ;
; -0.500 ; 0.500        ; 1.000          ; Low Pulse Width  ; freqdiv:i0|clkout_aux ; Rise       ; contador:i1|fim                ;
; -0.500 ; 0.500        ; 1.000          ; High Pulse Width ; freqdiv:i0|clkout_aux ; Rise       ; contador:i1|temp[0]            ;
; -0.500 ; 0.500        ; 1.000          ; Low Pulse Width  ; freqdiv:i0|clkout_aux ; Rise       ; contador:i1|temp[0]            ;
; -0.500 ; 0.500        ; 1.000          ; High Pulse Width ; freqdiv:i0|clkout_aux ; Rise       ; contador:i1|temp[1]            ;
; -0.500 ; 0.500        ; 1.000          ; Low Pulse Width  ; freqdiv:i0|clkout_aux ; Rise       ; contador:i1|temp[1]            ;
; -0.500 ; 0.500        ; 1.000          ; High Pulse Width ; freqdiv:i0|clkout_aux ; Rise       ; contador:i1|temp[2]            ;
; -0.500 ; 0.500        ; 1.000          ; Low Pulse Width  ; freqdiv:i0|clkout_aux ; Rise       ; contador:i1|temp[2]            ;
; -0.500 ; 0.500        ; 1.000          ; High Pulse Width ; freqdiv:i0|clkout_aux ; Rise       ; contador:i1|temp[3]            ;
; -0.500 ; 0.500        ; 1.000          ; Low Pulse Width  ; freqdiv:i0|clkout_aux ; Rise       ; contador:i1|temp[3]            ;
; 0.500  ; 0.500        ; 0.000          ; High Pulse Width ; freqdiv:i0|clkout_aux ; Rise       ; i0|clkout_aux|regout           ;
; 0.500  ; 0.500        ; 0.000          ; Low Pulse Width  ; freqdiv:i0|clkout_aux ; Rise       ; i0|clkout_aux|regout           ;
; 0.500  ; 0.500        ; 0.000          ; High Pulse Width ; freqdiv:i0|clkout_aux ; Rise       ; i0|clkout_aux~clkctrl|inclk[0] ;
; 0.500  ; 0.500        ; 0.000          ; Low Pulse Width  ; freqdiv:i0|clkout_aux ; Rise       ; i0|clkout_aux~clkctrl|inclk[0] ;
; 0.500  ; 0.500        ; 0.000          ; High Pulse Width ; freqdiv:i0|clkout_aux ; Rise       ; i0|clkout_aux~clkctrl|outclk   ;
; 0.500  ; 0.500        ; 0.000          ; Low Pulse Width  ; freqdiv:i0|clkout_aux ; Rise       ; i0|clkout_aux~clkctrl|outclk   ;
; 0.500  ; 0.500        ; 0.000          ; High Pulse Width ; freqdiv:i0|clkout_aux ; Rise       ; i1|fim|clk                     ;
; 0.500  ; 0.500        ; 0.000          ; Low Pulse Width  ; freqdiv:i0|clkout_aux ; Rise       ; i1|fim|clk                     ;
; 0.500  ; 0.500        ; 0.000          ; High Pulse Width ; freqdiv:i0|clkout_aux ; Rise       ; i1|temp[0]|clk                 ;
; 0.500  ; 0.500        ; 0.000          ; Low Pulse Width  ; freqdiv:i0|clkout_aux ; Rise       ; i1|temp[0]|clk                 ;
; 0.500  ; 0.500        ; 0.000          ; High Pulse Width ; freqdiv:i0|clkout_aux ; Rise       ; i1|temp[1]|clk                 ;
; 0.500  ; 0.500        ; 0.000          ; Low Pulse Width  ; freqdiv:i0|clkout_aux ; Rise       ; i1|temp[1]|clk                 ;
; 0.500  ; 0.500        ; 0.000          ; High Pulse Width ; freqdiv:i0|clkout_aux ; Rise       ; i1|temp[2]|clk                 ;
; 0.500  ; 0.500        ; 0.000          ; Low Pulse Width  ; freqdiv:i0|clkout_aux ; Rise       ; i1|temp[2]|clk                 ;
; 0.500  ; 0.500        ; 0.000          ; High Pulse Width ; freqdiv:i0|clkout_aux ; Rise       ; i1|temp[3]|clk                 ;
; 0.500  ; 0.500        ; 0.000          ; Low Pulse Width  ; freqdiv:i0|clkout_aux ; Rise       ; i1|temp[3]|clk                 ;
+--------+--------------+----------------+------------------+-----------------------+------------+--------------------------------+


+--------------------------------------------------------------------------------------------------------------------+
; Fast Model Minimum Pulse Width: 'contador:i1|fim'                                                                  ;
+--------+--------------+----------------+------------------+-----------------+------------+-------------------------+
; Slack  ; Actual Width ; Required Width ; Type             ; Clock           ; Clock Edge ; Target                  ;
+--------+--------------+----------------+------------------+-----------------+------------+-------------------------+
; -0.500 ; 0.500        ; 1.000          ; High Pulse Width ; contador:i1|fim ; Rise       ; contador:i2|temp[0]     ;
; -0.500 ; 0.500        ; 1.000          ; Low Pulse Width  ; contador:i1|fim ; Rise       ; contador:i2|temp[0]     ;
; -0.500 ; 0.500        ; 1.000          ; High Pulse Width ; contador:i1|fim ; Rise       ; contador:i2|temp[1]     ;
; -0.500 ; 0.500        ; 1.000          ; Low Pulse Width  ; contador:i1|fim ; Rise       ; contador:i2|temp[1]     ;
; -0.500 ; 0.500        ; 1.000          ; High Pulse Width ; contador:i1|fim ; Rise       ; contador:i2|temp[2]     ;
; -0.500 ; 0.500        ; 1.000          ; Low Pulse Width  ; contador:i1|fim ; Rise       ; contador:i2|temp[2]     ;
; -0.500 ; 0.500        ; 1.000          ; High Pulse Width ; contador:i1|fim ; Rise       ; contador:i2|temp[3]     ;
; -0.500 ; 0.500        ; 1.000          ; Low Pulse Width  ; contador:i1|fim ; Rise       ; contador:i2|temp[3]     ;
; 0.500  ; 0.500        ; 0.000          ; High Pulse Width ; contador:i1|fim ; Rise       ; i1|fim|regout           ;
; 0.500  ; 0.500        ; 0.000          ; Low Pulse Width  ; contador:i1|fim ; Rise       ; i1|fim|regout           ;
; 0.500  ; 0.500        ; 0.000          ; High Pulse Width ; contador:i1|fim ; Rise       ; i1|fim~clkctrl|inclk[0] ;
; 0.500  ; 0.500        ; 0.000          ; Low Pulse Width  ; contador:i1|fim ; Rise       ; i1|fim~clkctrl|inclk[0] ;
; 0.500  ; 0.500        ; 0.000          ; High Pulse Width ; contador:i1|fim ; Rise       ; i1|fim~clkctrl|outclk   ;
; 0.500  ; 0.500        ; 0.000          ; Low Pulse Width  ; contador:i1|fim ; Rise       ; i1|fim~clkctrl|outclk   ;
; 0.500  ; 0.500        ; 0.000          ; High Pulse Width ; contador:i1|fim ; Rise       ; i2|temp[0]|clk          ;
; 0.500  ; 0.500        ; 0.000          ; Low Pulse Width  ; contador:i1|fim ; Rise       ; i2|temp[0]|clk          ;
; 0.500  ; 0.500        ; 0.000          ; High Pulse Width ; contador:i1|fim ; Rise       ; i2|temp[1]|clk          ;
; 0.500  ; 0.500        ; 0.000          ; Low Pulse Width  ; contador:i1|fim ; Rise       ; i2|temp[1]|clk          ;
; 0.500  ; 0.500        ; 0.000          ; High Pulse Width ; contador:i1|fim ; Rise       ; i2|temp[2]|clk          ;
; 0.500  ; 0.500        ; 0.000          ; Low Pulse Width  ; contador:i1|fim ; Rise       ; i2|temp[2]|clk          ;
; 0.500  ; 0.500        ; 0.000          ; High Pulse Width ; contador:i1|fim ; Rise       ; i2|temp[3]|clk          ;
; 0.500  ; 0.500        ; 0.000          ; Low Pulse Width  ; contador:i1|fim ; Rise       ; i2|temp[3]|clk          ;
+--------+--------------+----------------+------------------+-----------------+------------+-------------------------+


+---------------------------------------------------------------------------------------------------------------------------------+
; Fast Model Minimum Pulse Width: 'freqdiv:i0|contador:count0|fim'                                                                ;
+--------+--------------+----------------+------------------+--------------------------------+------------+-----------------------+
; Slack  ; Actual Width ; Required Width ; Type             ; Clock                          ; Clock Edge ; Target                ;
+--------+--------------+----------------+------------------+--------------------------------+------------+-----------------------+
; -0.500 ; 0.500        ; 1.000          ; High Pulse Width ; freqdiv:i0|contador:count0|fim ; Rise       ; freqdiv:i0|clkout_aux ;
; -0.500 ; 0.500        ; 1.000          ; Low Pulse Width  ; freqdiv:i0|contador:count0|fim ; Rise       ; freqdiv:i0|clkout_aux ;
; 0.500  ; 0.500        ; 0.000          ; High Pulse Width ; freqdiv:i0|contador:count0|fim ; Rise       ; i0|clkout_aux|clk     ;
; 0.500  ; 0.500        ; 0.000          ; Low Pulse Width  ; freqdiv:i0|contador:count0|fim ; Rise       ; i0|clkout_aux|clk     ;
; 0.500  ; 0.500        ; 0.000          ; High Pulse Width ; freqdiv:i0|contador:count0|fim ; Rise       ; i0|count0|fim|regout  ;
; 0.500  ; 0.500        ; 0.000          ; Low Pulse Width  ; freqdiv:i0|contador:count0|fim ; Rise       ; i0|count0|fim|regout  ;
+--------+--------------+----------------+------------------+--------------------------------+------------+-----------------------+


+----------------------------------------------------------------------------------------+
; Clock to Output Times                                                                  ;
+-----------+-----------------------+-------+-------+------------+-----------------------+
; Data Port ; Clock Port            ; Rise  ; Fall  ; Clock Edge ; Clock Reference       ;
+-----------+-----------------------+-------+-------+------------+-----------------------+
; min[*]    ; contador:i1|fim       ; 3.354 ; 3.354 ; Rise       ; contador:i1|fim       ;
;  min[0]   ; contador:i1|fim       ; 3.282 ; 3.282 ; Rise       ; contador:i1|fim       ;
;  min[1]   ; contador:i1|fim       ; 3.278 ; 3.278 ; Rise       ; contador:i1|fim       ;
;  min[2]   ; contador:i1|fim       ; 3.354 ; 3.354 ; Rise       ; contador:i1|fim       ;
;  min[3]   ; contador:i1|fim       ; 3.273 ; 3.273 ; Rise       ; contador:i1|fim       ;
; sec[*]    ; freqdiv:i0|clkout_aux ; 3.424 ; 3.424 ; Rise       ; freqdiv:i0|clkout_aux ;
;  sec[0]   ; freqdiv:i0|clkout_aux ; 3.416 ; 3.416 ; Rise       ; freqdiv:i0|clkout_aux ;
;  sec[1]   ; freqdiv:i0|clkout_aux ; 3.424 ; 3.424 ; Rise       ; freqdiv:i0|clkout_aux ;
;  sec[2]   ; freqdiv:i0|clkout_aux ; 3.411 ; 3.411 ; Rise       ; freqdiv:i0|clkout_aux ;
;  sec[3]   ; freqdiv:i0|clkout_aux ; 3.412 ; 3.412 ; Rise       ; freqdiv:i0|clkout_aux ;
+-----------+-----------------------+-------+-------+------------+-----------------------+


+----------------------------------------------------------------------------------------+
; Minimum Clock to Output Times                                                          ;
+-----------+-----------------------+-------+-------+------------+-----------------------+
; Data Port ; Clock Port            ; Rise  ; Fall  ; Clock Edge ; Clock Reference       ;
+-----------+-----------------------+-------+-------+------------+-----------------------+
; min[*]    ; contador:i1|fim       ; 3.273 ; 3.273 ; Rise       ; contador:i1|fim       ;
;  min[0]   ; contador:i1|fim       ; 3.282 ; 3.282 ; Rise       ; contador:i1|fim       ;
;  min[1]   ; contador:i1|fim       ; 3.278 ; 3.278 ; Rise       ; contador:i1|fim       ;
;  min[2]   ; contador:i1|fim       ; 3.354 ; 3.354 ; Rise       ; contador:i1|fim       ;
;  min[3]   ; contador:i1|fim       ; 3.273 ; 3.273 ; Rise       ; contador:i1|fim       ;
; sec[*]    ; freqdiv:i0|clkout_aux ; 3.411 ; 3.411 ; Rise       ; freqdiv:i0|clkout_aux ;
;  sec[0]   ; freqdiv:i0|clkout_aux ; 3.416 ; 3.416 ; Rise       ; freqdiv:i0|clkout_aux ;
;  sec[1]   ; freqdiv:i0|clkout_aux ; 3.424 ; 3.424 ; Rise       ; freqdiv:i0|clkout_aux ;
;  sec[2]   ; freqdiv:i0|clkout_aux ; 3.411 ; 3.411 ; Rise       ; freqdiv:i0|clkout_aux ;
;  sec[3]   ; freqdiv:i0|clkout_aux ; 3.412 ; 3.412 ; Rise       ; freqdiv:i0|clkout_aux ;
+-----------+-----------------------+-------+-------+------------+-----------------------+


+----------------------------------------------------------------------------------------------+
; Multicorner Timing Analysis Summary                                                          ;
+---------------------------------+--------+--------+----------+---------+---------------------+
; Clock                           ; Setup  ; Hold   ; Recovery ; Removal ; Minimum Pulse Width ;
+---------------------------------+--------+--------+----------+---------+---------------------+
; Worst-case Slack                ; -0.280 ; -0.692 ; N/A      ; N/A     ; -1.380              ;
;  clk                            ; -0.072 ; 0.215  ; N/A      ; N/A     ; -1.380              ;
;  contador:i1|fim                ; -0.206 ; 0.215  ; N/A      ; N/A     ; -0.500              ;
;  freqdiv:i0|clkout_aux          ; -0.280 ; 0.215  ; N/A      ; N/A     ; -0.500              ;
;  freqdiv:i0|contador:count0|fim ; 0.780  ; -0.692 ; N/A      ; N/A     ; -0.500              ;
; Design-wide TNS                 ; -1.412 ; -0.692 ; 0.0      ; 0.0     ; -16.38              ;
;  clk                            ; -0.244 ; 0.000  ; N/A      ; N/A     ; -6.380              ;
;  contador:i1|fim                ; -0.359 ; 0.000  ; N/A      ; N/A     ; -4.000              ;
;  freqdiv:i0|clkout_aux          ; -0.809 ; 0.000  ; N/A      ; N/A     ; -5.000              ;
;  freqdiv:i0|contador:count0|fim ; 0.000  ; -0.692 ; N/A      ; N/A     ; -1.000              ;
+---------------------------------+--------+--------+----------+---------+---------------------+


+----------------------------------------------------------------------------------------+
; Clock to Output Times                                                                  ;
+-----------+-----------------------+-------+-------+------------+-----------------------+
; Data Port ; Clock Port            ; Rise  ; Fall  ; Clock Edge ; Clock Reference       ;
+-----------+-----------------------+-------+-------+------------+-----------------------+
; min[*]    ; contador:i1|fim       ; 6.001 ; 6.001 ; Rise       ; contador:i1|fim       ;
;  min[0]   ; contador:i1|fim       ; 5.828 ; 5.828 ; Rise       ; contador:i1|fim       ;
;  min[1]   ; contador:i1|fim       ; 5.839 ; 5.839 ; Rise       ; contador:i1|fim       ;
;  min[2]   ; contador:i1|fim       ; 6.001 ; 6.001 ; Rise       ; contador:i1|fim       ;
;  min[3]   ; contador:i1|fim       ; 5.821 ; 5.821 ; Rise       ; contador:i1|fim       ;
; sec[*]    ; freqdiv:i0|clkout_aux ; 6.043 ; 6.043 ; Rise       ; freqdiv:i0|clkout_aux ;
;  sec[0]   ; freqdiv:i0|clkout_aux ; 6.023 ; 6.023 ; Rise       ; freqdiv:i0|clkout_aux ;
;  sec[1]   ; freqdiv:i0|clkout_aux ; 6.043 ; 6.043 ; Rise       ; freqdiv:i0|clkout_aux ;
;  sec[2]   ; freqdiv:i0|clkout_aux ; 6.016 ; 6.016 ; Rise       ; freqdiv:i0|clkout_aux ;
;  sec[3]   ; freqdiv:i0|clkout_aux ; 6.017 ; 6.017 ; Rise       ; freqdiv:i0|clkout_aux ;
+-----------+-----------------------+-------+-------+------------+-----------------------+


+----------------------------------------------------------------------------------------+
; Minimum Clock to Output Times                                                          ;
+-----------+-----------------------+-------+-------+------------+-----------------------+
; Data Port ; Clock Port            ; Rise  ; Fall  ; Clock Edge ; Clock Reference       ;
+-----------+-----------------------+-------+-------+------------+-----------------------+
; min[*]    ; contador:i1|fim       ; 3.273 ; 3.273 ; Rise       ; contador:i1|fim       ;
;  min[0]   ; contador:i1|fim       ; 3.282 ; 3.282 ; Rise       ; contador:i1|fim       ;
;  min[1]   ; contador:i1|fim       ; 3.278 ; 3.278 ; Rise       ; contador:i1|fim       ;
;  min[2]   ; contador:i1|fim       ; 3.354 ; 3.354 ; Rise       ; contador:i1|fim       ;
;  min[3]   ; contador:i1|fim       ; 3.273 ; 3.273 ; Rise       ; contador:i1|fim       ;
; sec[*]    ; freqdiv:i0|clkout_aux ; 3.411 ; 3.411 ; Rise       ; freqdiv:i0|clkout_aux ;
;  sec[0]   ; freqdiv:i0|clkout_aux ; 3.416 ; 3.416 ; Rise       ; freqdiv:i0|clkout_aux ;
;  sec[1]   ; freqdiv:i0|clkout_aux ; 3.424 ; 3.424 ; Rise       ; freqdiv:i0|clkout_aux ;
;  sec[2]   ; freqdiv:i0|clkout_aux ; 3.411 ; 3.411 ; Rise       ; freqdiv:i0|clkout_aux ;
;  sec[3]   ; freqdiv:i0|clkout_aux ; 3.412 ; 3.412 ; Rise       ; freqdiv:i0|clkout_aux ;
+-----------+-----------------------+-------+-------+------------+-----------------------+


+----------------------------------------------------------------------------------------------------+
; Setup Transfers                                                                                    ;
+-----------------------+--------------------------------+----------+----------+----------+----------+
; From Clock            ; To Clock                       ; RR Paths ; FR Paths ; RF Paths ; FF Paths ;
+-----------------------+--------------------------------+----------+----------+----------+----------+
; clk                   ; clk                            ; 16       ; 0        ; 0        ; 0        ;
; contador:i1|fim       ; contador:i1|fim                ; 13       ; 0        ; 0        ; 0        ;
; freqdiv:i0|clkout_aux ; freqdiv:i0|clkout_aux          ; 17       ; 0        ; 0        ; 0        ;
; freqdiv:i0|clkout_aux ; freqdiv:i0|contador:count0|fim ; 1        ; 1        ; 0        ; 0        ;
+-----------------------+--------------------------------+----------+----------+----------+----------+
Entries labeled "false path" only account for clock-to-clock false paths and not path-based false paths. As a result, actual path counts may be lower than reported.


+----------------------------------------------------------------------------------------------------+
; Hold Transfers                                                                                     ;
+-----------------------+--------------------------------+----------+----------+----------+----------+
; From Clock            ; To Clock                       ; RR Paths ; FR Paths ; RF Paths ; FF Paths ;
+-----------------------+--------------------------------+----------+----------+----------+----------+
; clk                   ; clk                            ; 16       ; 0        ; 0        ; 0        ;
; contador:i1|fim       ; contador:i1|fim                ; 13       ; 0        ; 0        ; 0        ;
; freqdiv:i0|clkout_aux ; freqdiv:i0|clkout_aux          ; 17       ; 0        ; 0        ; 0        ;
; freqdiv:i0|clkout_aux ; freqdiv:i0|contador:count0|fim ; 1        ; 1        ; 0        ; 0        ;
+-----------------------+--------------------------------+----------+----------+----------+----------+
Entries labeled "false path" only account for clock-to-clock false paths and not path-based false paths. As a result, actual path counts may be lower than reported.


---------------
; Report TCCS ;
---------------
No dedicated SERDES Transmitter circuitry present in device or used in design


---------------
; Report RSKM ;
---------------
No dedicated SERDES Receiver circuitry present in device or used in design


+------------------------------------------------+
; Unconstrained Paths                            ;
+---------------------------------+-------+------+
; Property                        ; Setup ; Hold ;
+---------------------------------+-------+------+
; Illegal Clocks                  ; 0     ; 0    ;
; Unconstrained Clocks            ; 0     ; 0    ;
; Unconstrained Input Ports       ; 1     ; 1    ;
; Unconstrained Input Port Paths  ; 15    ; 15   ;
; Unconstrained Output Ports      ; 8     ; 8    ;
; Unconstrained Output Port Paths ; 8     ; 8    ;
+---------------------------------+-------+------+


+------------------------------------+
; TimeQuest Timing Analyzer Messages ;
+------------------------------------+
Info: *******************************************************************
Info: Running Quartus II 64-Bit TimeQuest Timing Analyzer
    Info: Version 13.0.0 Build 156 04/24/2013 SJ Web Edition
    Info: Processing started: Fri Nov 20 11:02:14 2015
Info: Command: quartus_sta speed-game -c toplevel
Info: qsta_default_script.tcl version: #1
Warning (20028): Parallel compilation is not licensed and has been disabled
Info (21077): Low junction temperature is 0 degrees C
Info (21077): High junction temperature is 85 degrees C
Critical Warning (332012): Synopsys Design Constraints File file not found: 'toplevel.sdc'. A Synopsys Design Constraints File is required by the TimeQuest Timing Analyzer to get proper timing constraints. Without it, the Compiler will not properly optimize the design.
Info (332142): No user constrained base clocks found in the design. Calling "derive_clocks -period 1.0"
Info (332105): Deriving Clocks
    Info (332105): create_clock -period 1.000 -name freqdiv:i0|clkout_aux freqdiv:i0|clkout_aux
    Info (332105): create_clock -period 1.000 -name freqdiv:i0|contador:count0|fim freqdiv:i0|contador:count0|fim
    Info (332105): create_clock -period 1.000 -name clk clk
    Info (332105): create_clock -period 1.000 -name contador:i1|fim contador:i1|fim
Info: Found TIMEQUEST_REPORT_SCRIPT_INCLUDE_DEFAULT_ANALYSIS = ON
Info: Analyzing Slow Model
Critical Warning (332148): Timing requirements not met
Info (332146): Worst-case setup slack is -0.280
    Info (332119):     Slack End Point TNS Clock 
    Info (332119): ========= ============= =====================
    Info (332119):    -0.280        -0.809 freqdiv:i0|clkout_aux 
    Info (332119):    -0.206        -0.359 contador:i1|fim 
    Info (332119):    -0.072        -0.244 clk 
    Info (332119):     0.962         0.000 freqdiv:i0|contador:count0|fim 
Info (332146): Worst-case hold slack is -0.692
    Info (332119):     Slack End Point TNS Clock 
    Info (332119): ========= ============= =====================
    Info (332119):    -0.692        -0.692 freqdiv:i0|contador:count0|fim 
    Info (332119):     0.391         0.000 clk 
    Info (332119):     0.391         0.000 contador:i1|fim 
    Info (332119):     0.391         0.000 freqdiv:i0|clkout_aux 
Info (332140): No Recovery paths to report
Info (332140): No Removal paths to report
Info (332146): Worst-case minimum pulse width slack is -1.380
    Info (332119):     Slack End Point TNS Clock 
    Info (332119): ========= ============= =====================
    Info (332119):    -1.380        -6.380 clk 
    Info (332119):    -0.500        -5.000 freqdiv:i0|clkout_aux 
    Info (332119):    -0.500        -4.000 contador:i1|fim 
    Info (332119):    -0.500        -1.000 freqdiv:i0|contador:count0|fim 
Info (332001): The selected device family is not supported by the report_metastability command.
Info: Analyzing Fast Model
Info (332146): Worst-case setup slack is 0.404
    Info (332119):     Slack End Point TNS Clock 
    Info (332119): ========= ============= =====================
    Info (332119):     0.404         0.000 freqdiv:i0|clkout_aux 
    Info (332119):     0.441         0.000 contador:i1|fim 
    Info (332119):     0.502         0.000 clk 
    Info (332119):     0.780         0.000 freqdiv:i0|contador:count0|fim 
Critical Warning (332148): Timing requirements not met
Info (332146): Worst-case hold slack is -0.400
    Info (332119):     Slack End Point TNS Clock 
    Info (332119): ========= ============= =====================
    Info (332119):    -0.400        -0.400 freqdiv:i0|contador:count0|fim 
    Info (332119):     0.215         0.000 clk 
    Info (332119):     0.215         0.000 contador:i1|fim 
    Info (332119):     0.215         0.000 freqdiv:i0|clkout_aux 
Info (332140): No Recovery paths to report
Info (332140): No Removal paths to report
Info (332146): Worst-case minimum pulse width slack is -1.380
    Info (332119):     Slack End Point TNS Clock 
    Info (332119): ========= ============= =====================
    Info (332119):    -1.380        -6.380 clk 
    Info (332119):    -0.500        -5.000 freqdiv:i0|clkout_aux 
    Info (332119):    -0.500        -4.000 contador:i1|fim 
    Info (332119):    -0.500        -1.000 freqdiv:i0|contador:count0|fim 
Info (332001): The selected device family is not supported by the report_metastability command.
Info (332102): Design is not fully constrained for setup requirements
Info (332102): Design is not fully constrained for hold requirements
Info: Quartus II 64-Bit TimeQuest Timing Analyzer was successful. 0 errors, 4 warnings
    Info: Peak virtual memory: 497 megabytes
    Info: Processing ended: Fri Nov 20 11:02:15 2015
    Info: Elapsed time: 00:00:01
    Info: Total CPU time (on all processors): 00:00:01


